Method 'SystemVoidCosmosSystemKernelStart', ID = '0'
Method 'SystemVoidCosmosIL2CPURuntimeEngineInitializeApplication', ID = '1'
Method 'SystemVoidCosmosIL2CPURuntimeEngineFinalizeApplicationSystemInt32', ID = '2'
Method 'SystemVoidCosmosIL2CPUVTablesImplSetMethodInfoSystemInt32SystemInt32SystemInt32SystemInt32SystemChararray', ID = '3'
Method 'SystemBooleanCosmosIL2CPUVTablesImplIsInstanceSystemUInt32SystemUInt32', ID = '4'
Method 'SystemVoidCosmosIL2CPUVTablesImplSetTypeInfoSystemInt32SystemUInt32SystemInt32arraySystemInt32arraySystemInt32', ID = '5'
Method 'SystemInt32CosmosIL2CPUVTablesImplGetMethodAddressForTypeSystemUInt32SystemUInt32', ID = '6'
Method 'SystemVoidCosmosIL2CPUExceptionHelperThrowNotImplementedSystemString', ID = '10'
Method 'SystemVoidCosmosIL2CPUExceptionHelperThrowOverflow', ID = '11'
Method 'SystemVoidSystemArrayctor', ID = '13'
Method 'SystemVoidSystemThrowHelperThrowInvalidOperationExceptionSystemExceptionResource', ID = '14'
Method 'SystemDelegatearraySystemMulticastDelegateGetInvocationList', ID = '15'
Method 'SystemVoidChocolateKernelctor', ID = '17'
Method 'SystemVoidCosmosDebugKernelDebuggerSendSystemString', ID = '22'
Method 'SystemVoidCosmosHALBootstrapInit', ID = '26'
Method 'CosmosHALTextScreenBaseCosmosSystemKernelGetTextScreen', ID = '27'
Method 'CosmosHALScanMapBaseCosmosSystemKernelGetKeyboardScanMap', ID = '28'
Method 'SystemVoidCosmosHALPS2KeyboardctorCosmosHALScanMapBase', ID = '29'
Method 'SystemVoidCosmosSystemGlobalInitCosmosHALTextScreenBaseCosmosHALKeyboard', ID = '30'
Method 'SystemVoidCosmosSystemKernelBeforeRun', ID = '31'
Method 'SystemVoidCosmosHALGlobalEnableInterrupts', ID = '32'
Method 'SystemVoidCosmosSystemKernelAfterRun', ID = '34'
Method 'SystemVoidCosmosIL2CPURuntimeEngineInitializeEngine', ID = '38'
Method 'SystemVoidCosmosIL2CPURuntimeEngineHeap_Initialize', ID = '39'
Method 'SystemVoidCosmosIL2CPURuntimeEngineFinalizeEngine', ID = '41'
Method 'SystemVoidCosmosIL2CPURuntimeEngineExitProcessSystemInt32', ID = '42'
Method 'SystemVoidCosmosIL2CPUVTablesImplDebugSystemString', ID = '47'
Method 'SystemVoidCosmosIL2CPUVTablesImplDebugHexSystemStringSystemUInt32', ID = '48'
Method 'SystemVoidCosmosIL2CPUVTablesImplDebugAndHaltSystemString', ID = '49'
Method 'SystemVoidCosmosCorePlugsGCImplementionImplIncRefCountSystemUInt32', ID = '56'
Method 'SystemVoidCosmosCorePlugsGCImplementionImplDecRefCountSystemUInt32', ID = '57'
Method 'SystemUInt32CosmosCorePlugsGCImplementionImplAllocNewObjectSystemUInt32', ID = '58'
Method 'SystemVoidSystemNotImplementedExceptionctorSystemString', ID = '60'
Method 'SystemVoidSystemOverflowExceptionctorSystemString', ID = '61'
Method 'SystemStringSystemThrowHelperGetResourceNameSystemExceptionResource', ID = '66'
Method 'SystemVoidSystemInvalidOperationExceptionctorSystemString', ID = '68'
Method 'SystemDelegatearraySystemDelegateGetInvocationList', ID = '71'
Method 'SystemInt32SystemIntPtrop_ExplicitSystemIntPtr', ID = '74'
Method 'SystemVoidCosmosSystemKernelctor', ID = '76'
Method 'SystemVoidCosmosSystemGlobalcctor', ID = '78'
Method 'SystemVoidCosmosIL2CPUPlugsSystemExceptionImplCtorSystemStringSystemString', ID = '81'
Method 'SystemVoidCosmosCoreBootstrapInit', ID = '83'
Method 'SystemVoidCosmosSystemScanMapsUS_Standardctor', ID = '86'
Method 'SystemVoidCosmosHALKeyboardctorCosmosHALScanMapBase', ID = '91'
Method 'SystemVoidCosmosSystemConsolectorCosmosHALTextScreenBase', ID = '93'
Method 'SystemVoidCosmosHALGlobalInitCosmosHALTextScreenBaseCosmosHALKeyboard', ID = '95'
Method 'SystemVoidCosmosSystemGlobalset_NumLockSystemBoolean', ID = '96'
Method 'SystemVoidCosmosSystemGlobalset_CapsLockSystemBoolean', ID = '97'
Method 'SystemVoidCosmosSystemGlobalset_ScrollLockSystemBoolean', ID = '98'
Method 'SystemVoidChocolateKernelBeforeRun', ID = '99'
Method 'SystemVoidCosmosCoreCPUEnableInterrupts', ID = '101'
Method 'SystemVoidChocolateKernelRun', ID = '102'
Method 'SystemVoidCosmosSystemPlugsSystemConsoleImplWriteLineSystemString', ID = '104'
Method 'SystemStringSystemBooleanToString', ID = '109'
Method 'SystemStringCosmosIL2CPUPlugsSystemObjectImplToString', ID = '112'
Method 'SystemVoidCosmosIL2CPURuntimeEnginecctor', ID = '113'
Method 'SystemVoidCosmosIL2CPUVTablesImplcctor', ID = '114'
Method 'SystemVoidSystemBooleancctor', ID = '116'
Method 'SystemVoidCosmosDebugKernelPlugsDebuggerDoSendSystemString', ID = '117'
Method 'SystemVoidCosmosDebugKernelPlugsDebuggerDoSendNumberSystemUInt32', ID = '118'
Method 'SystemVoidCosmosCoreGlobalSystemInfoEnsureInitialized', ID = '120'
Method 'SystemUInt32CosmosCoreHeapMemAllocSystemUInt32', ID = '121'
Method 'SystemVoidSystemSystemExceptionctorSystemString', ID = '123'
Method 'SystemVoidSystemExceptionSetErrorCodeSystemInt32', ID = '124'
Method 'SystemVoidSystemArithmeticExceptionctorSystemString', ID = '126'
Method 'SystemVoidCosmosIL2CPUPlugsSystemObjectImplCtor', ID = '127'
Method 'SystemStringCosmosIL2CPUPlugsSystemEnvironmentImplGetResourceStringSystemString', ID = '130'
Method 'SystemVoidCosmosDebugKernelDebuggerctorSystemStringSystemString', ID = '133'
Method 'SystemVoidSystemExceptioncctor', ID = '135'
Method 'SystemVoidCosmosCoreINTsDummy', ID = '139'
Method 'SystemVoidCosmosCorePICctor', ID = '140'
Method 'SystemVoidCosmosHALScanMapBasector', ID = '147'
Method 'SystemVoidCosmosCoreGlobalcctor', ID = '148'
Method 'SystemVoidCosmosCoreBaseIOGroupscctor', ID = '149'
Method 'SystemVoidCosmosHALDevicector', ID = '150'
Method 'SystemVoidSystemCollectionsGenericQueue1CosmosHALKeyEventctor', ID = '152'
Method 'SystemVoidCosmosHALKeyboardSetKeyLayoutCosmosHALScanMapBase', ID = '153'
Method 'SystemVoidCosmosHALTextScreenctor', ID = '157'
Method 'SystemVoidCosmosCoreGlobalInit', ID = '161'
Method 'SystemVoidCosmosHALGlobalInitStaticDevices', ID = '162'
Method 'SystemVoidCosmosHALGlobalInitPciDevices', ID = '163'
Method 'SystemVoidCosmosHALGlobalInitAtaCosmosHALBlockDeviceAtaControllerIdEnumCosmosHALBlockDeviceAtaBusPositionEnum', ID = '164'
Method 'SystemVoidCosmosHALGlobalset_NumLockSystemBoolean', ID = '165'
Method 'SystemVoidCosmosHALGlobalset_CapsLockSystemBoolean', ID = '166'
Method 'SystemVoidCosmosHALGlobalset_ScrollLockSystemBoolean', ID = '167'
Method 'SystemVoidChocolateAdvConsoleWriteExSystemStringSystemConsoleColorSystemConsoleColorSystemBooleanSystemBoolean', ID = '169'
Method 'SystemVoidCosmosHALGlobalcctor', ID = '176'
Method 'SystemVoidChocolateTerminalSetup', ID = '181'
Method 'SystemVoidSystemConsolecctor', ID = '182'
Method 'CosmosSystemConsoleCosmosSystemPlugsSystemConsoleImplGetConsole', ID = '184'
Method 'SystemVoidCosmosSystemConsoleWriteSystemString', ID = '185'
Method 'SystemVoidCosmosSystemConsoleNewLine', ID = '186'
Method 'SystemStringCosmosSystemPlugsSystemValueTypeImplToString', ID = '187'
Method 'SystemStringCosmosCorePlugsSystemStringImplToString', ID = '188'
Method 'SystemStringCosmosSystemPlugsSystemInt32ImplToString', ID = '189'
Method 'SystemStringCosmosSystemPlugsSystemUInt32ImplToString', ID = '190'
Method 'SystemStringCosmosSystemPlugsSystemEnumImplToString', ID = '191'
Method 'SystemStringCosmosIL2CPUPlugsSystemExceptionImplToString', ID = '192'
Method 'SystemUInt32CosmosCoreGlobalSystemInfoget_TotalDataLookupTableSize', ID = '202'
Method 'SystemBooleanCosmosCoreCPUDisableInterrupts', ID = '205'
Method 'SystemVoidCosmosCoreHeapEnsureIsInitialized', ID = '206'
Method 'CosmosCoreGlobalInformationTablepointerCosmosCoreGlobalSystemInfoget_GlobalInformationTable', ID = '208'
Method 'SystemBooleanCosmosCoreHeapScanDataLookupTableSystemUInt32CosmosCoreDataLookupTablepointerSystemUInt32SystemUInt32', ID = '209'
Method 'CosmosCoreDataLookupEntrypointerCosmosCoreDataLookupTableGetEntrySystemUInt32', ID = '212'
Method 'SystemVoidCosmosCoreHeapClearMemorySystemVoidpointerSystemUInt32', ID = '214'
Method 'SystemVoidSystemExceptionset_HResultSystemInt32', ID = '216'
Method 'SystemStringCosmosIL2CPUPlugsSystemEnvironmentImplGetResourceFromDefaultSystemString', ID = '220'
Method 'SystemVoidCosmosDebugKernelDebuggerset_mRingSystemString', ID = '222'
Method 'SystemVoidCosmosDebugKernelDebuggerset_mSectionSystemString', ID = '223'
Method 'SystemVoidCosmosCoreBootstrapcctor', ID = '225'
Method 'SystemVoidCosmosCoreINTsHandleInterrupt_DefaultCosmosCoreINTsIRQContext', ID = '228'
Method 'SystemVoidCosmosCoreINTsHandleInterrupt_00CosmosCoreINTsIRQContext', ID = '229'
Method 'SystemVoidCosmosCoreINTsHandleInterrupt_01CosmosCoreINTsIRQContext', ID = '230'
Method 'SystemVoidCosmosCoreINTsHandleInterrupt_02CosmosCoreINTsIRQContext', ID = '231'
Method 'SystemVoidCosmosCoreINTsHandleInterrupt_03CosmosCoreINTsIRQContext', ID = '232'
Method 'SystemVoidCosmosCoreINTsHandleInterrupt_04CosmosCoreINTsIRQContext', ID = '233'
Method 'SystemVoidCosmosCoreINTsHandleInterrupt_05CosmosCoreINTsIRQContext', ID = '234'
Method 'SystemVoidCosmosCoreINTsHandleInterrupt_06CosmosCoreINTsIRQContext', ID = '235'
Method 'SystemVoidCosmosCoreINTsHandleInterrupt_07CosmosCoreINTsIRQContext', ID = '236'
Method 'SystemVoidCosmosCoreINTsHandleInterrupt_08CosmosCoreINTsIRQContext', ID = '237'
Method 'SystemVoidCosmosCoreINTsHandleInterrupt_09CosmosCoreINTsIRQContext', ID = '238'
Method 'SystemVoidCosmosCoreINTsHandleInterrupt_0ACosmosCoreINTsIRQContext', ID = '239'
Method 'SystemVoidCosmosCoreINTsHandleInterrupt_0BCosmosCoreINTsIRQContext', ID = '240'
Method 'SystemVoidCosmosCoreINTsHandleInterrupt_0CCosmosCoreINTsIRQContext', ID = '241'
Method 'SystemVoidCosmosCoreINTsHandleInterrupt_0DCosmosCoreINTsIRQContext', ID = '242'
Method 'SystemVoidCosmosCoreINTsHandleInterrupt_0ECosmosCoreINTsIRQContext', ID = '243'
Method 'SystemVoidCosmosCoreINTsHandleInterrupt_0FCosmosCoreINTsIRQContext', ID = '244'
Method 'SystemVoidCosmosCoreINTsHandleInterrupt_10CosmosCoreINTsIRQContext', ID = '245'
Method 'SystemVoidCosmosCoreINTsHandleInterrupt_11CosmosCoreINTsIRQContext', ID = '246'
Method 'SystemVoidCosmosCoreINTsHandleInterrupt_12CosmosCoreINTsIRQContext', ID = '247'
Method 'SystemVoidCosmosCoreINTsHandleInterrupt_13CosmosCoreINTsIRQContext', ID = '248'
Method 'SystemVoidCosmosCoreINTsHandleInterrupt_20CosmosCoreINTsIRQContext', ID = '249'
Method 'SystemVoidCosmosCoreINTsHandleInterrupt_21CosmosCoreINTsIRQContext', ID = '250'
Method 'SystemVoidCosmosCoreINTsHandleInterrupt_22CosmosCoreINTsIRQContext', ID = '251'
Method 'SystemVoidCosmosCoreINTsHandleInterrupt_23CosmosCoreINTsIRQContext', ID = '252'
Method 'SystemVoidCosmosCoreINTsHandleInterrupt_24CosmosCoreINTsIRQContext', ID = '253'
Method 'SystemVoidCosmosCoreINTsHandleInterrupt_25CosmosCoreINTsIRQContext', ID = '254'
Method 'SystemVoidCosmosCoreINTsHandleInterrupt_26CosmosCoreINTsIRQContext', ID = '255'
Method 'SystemVoidCosmosCoreINTsHandleInterrupt_27CosmosCoreINTsIRQContext', ID = '256'
Method 'SystemVoidCosmosCoreINTsHandleInterrupt_28CosmosCoreINTsIRQContext', ID = '257'
Method 'SystemVoidCosmosCoreINTsHandleInterrupt_29CosmosCoreINTsIRQContext', ID = '258'
Method 'SystemVoidCosmosCoreINTsHandleInterrupt_2ACosmosCoreINTsIRQContext', ID = '259'
Method 'SystemVoidCosmosCoreINTsHandleInterrupt_2BCosmosCoreINTsIRQContext', ID = '260'
Method 'SystemVoidCosmosCoreINTsHandleInterrupt_2CCosmosCoreINTsIRQContext', ID = '261'
Method 'SystemVoidCosmosCoreINTsHandleInterrupt_2DCosmosCoreINTsIRQContext', ID = '262'
Method 'SystemVoidCosmosCoreINTsHandleInterrupt_2ECosmosCoreINTsIRQContext', ID = '263'
Method 'SystemVoidCosmosCoreINTsHandleInterrupt_2FCosmosCoreINTsIRQContext', ID = '264'
Method 'SystemVoidCosmosCoreINTsHandleInterrupt_30CosmosCoreINTsIRQContext', ID = '265'
Method 'SystemVoidCosmosCoreINTsHandleInterrupt_35CosmosCoreINTsIRQContext', ID = '266'
Method 'SystemVoidCosmosCoreINTsHandleInterrupt_40CosmosCoreINTsIRQContext', ID = '267'
Method 'SystemVoidCosmosCoreINTsHandleInterrupt_41CosmosCoreINTsIRQContext', ID = '268'
Method 'SystemVoidCosmosCoreINTsHandleInterrupt_42CosmosCoreINTsIRQContext', ID = '269'
Method 'SystemVoidCosmosCoreINTsHandleInterrupt_43CosmosCoreINTsIRQContext', ID = '270'
Method 'SystemVoidCosmosCoreINTsHandleInterrupt_44CosmosCoreINTsIRQContext', ID = '271'
Method 'SystemVoidCosmosCoreINTsHandleInterrupt_45CosmosCoreINTsIRQContext', ID = '272'
Method 'SystemVoidCosmosCoreINTsHandleInterrupt_46CosmosCoreINTsIRQContext', ID = '273'
Method 'SystemVoidCosmosCoreINTsHandleInterrupt_47CosmosCoreINTsIRQContext', ID = '274'
Method 'SystemVoidCosmosCoreINTsHandleInterrupt_48CosmosCoreINTsIRQContext', ID = '275'
Method 'SystemVoidCosmosCoreINTsHandleInterrupt_49CosmosCoreINTsIRQContext', ID = '276'
Method 'SystemVoidCosmosCoreIOGroupPICctorSystemBoolean', ID = '278'
Method 'SystemVoidCosmosCorePICRemapSystemByteSystemByteSystemByteSystemByte', ID = '279'
Method 'SystemVoidCosmosCorePlugsCPUImplUpdateIDTSystemBoolean', ID = '280'
Method 'SystemVoidCosmosCorePlugsCPUImplInitFloat', ID = '281'
Method 'SystemVoidCosmosCoreBaseIOGroupsctor', ID = '283'
Method 'SystemVoidCosmosCoreIOGroupMousector', ID = '285'
Method 'SystemVoidCosmosCoreIOGroupPCSpeakerctor', ID = '287'
Method 'SystemVoidCosmosHALKeyboardset_KeyLayoutCosmosHALScanMapBase', ID = '291'
Method 'SystemVoidCosmosHALPS2KeyboardInitialize', ID = '292'
Method 'SystemVoidCosmosHALPS2KeyboardUpdateLeds', ID = '293'
Method 'SystemVoidCosmosCoreIOGroupTextScreenctor', ID = '295'
Method 'SystemVoidCosmosHALTextScreenBasector', ID = '296'
Method 'SystemVoidCosmosHALPCISetup', ID = '304'
Method 'SystemVoidCosmosHALBlockDeviceAtaPioctorCosmosCoreIOGroupATACosmosHALBlockDeviceAtaControllerIdEnumCosmosHALBlockDeviceAtaBusPositionEnum', ID = '307'
Method 'CosmosHALBlockDeviceAtaPioSpecLevelCosmosHALBlockDeviceAtaPioget_DriveType', ID = '308'
Method 'SystemVoidSystemCollectionsGenericList1CosmosHALBlockDeviceBlockDeviceAddCosmosHALBlockDeviceBlockDevice', ID = '311'
Method 'SystemVoidCosmosHALBlockDeviceMBRctorSystemBytearray', ID = '316'
Method 'SystemVoidCosmosHALBlockDeviceEBRctorSystemBytearray', ID = '318'
Method 'SystemInt32SystemCollectionsGenericList1CosmosHALBlockDeviceEBRPartInfoget_Count', ID = '320'
Method 'SystemInt32SystemCollectionsGenericList1CosmosHALBlockDeviceMBRPartInfoget_Count', ID = '321'
Method 'SystemStringSystemStringConcatSystemObjectSystemObject', ID = '322'
Method 'CosmosHALBlockDeviceMBRPartInfoSystemCollectionsGenericList1CosmosHALBlockDeviceMBRPartInfoget_ItemSystemInt32', ID = '323'
Method 'SystemVoidCosmosHALBlockDevicePartitionctorCosmosHALBlockDeviceBlockDeviceSystemUInt64SystemUInt64', ID = '325'
Method 'SystemVoidCosmosSystemPlugsSystemConsoleImplClear', ID = '329'
Method 'SystemConsoleColorChocolateAdvConsoleget_ForegroundColor', ID = '332'
Method 'SystemConsoleColorChocolateAdvConsoleget_BackgroundColor', ID = '333'
Method 'SystemVoidChocolateAdvConsoleset_ForegroundColorSystemConsoleColor', ID = '334'
Method 'SystemVoidChocolateAdvConsoleset_BackgroundColorSystemConsoleColor', ID = '335'
Method 'SystemInt32ChocolateAdvConsoleget_CursorLeft', ID = '336'
Method 'SystemInt32ChocolateAdvConsoleget_WindowWidth', ID = '338'
Method 'SystemVoidChocolateAdvConsoleset_CursorLeftSystemInt32', ID = '339'
Method 'SystemInt32ChocolateAdvConsoleget_CursorTop', ID = '340'
Method 'SystemInt32ChocolateAdvConsoleget_WindowHeight', ID = '341'
Method 'SystemVoidChocolateAdvConsoleset_CursorTopSystemInt32', ID = '342'
Method 'SystemInt32CosmosSystemPlugsSystemConsoleImplget_WindowWidth', ID = '343'
Method 'SystemInt32CosmosCorePlugsSystemStringImplget_LengthSystemInt32', ID = '344'
Method 'SystemVoidCosmosSystemPlugsSystemConsoleImplset_CursorLeftSystemInt32', ID = '345'
Method 'SystemInt32CosmosSystemPlugsSystemConsoleImplget_WindowHeight', ID = '346'
Method 'SystemVoidCosmosSystemPlugsSystemConsoleImplset_CursorTopSystemInt32', ID = '347'
Method 'SystemVoidCosmosSystemPlugsSystemConsoleImplWriteSystemString', ID = '348'
Method 'SystemVoidCosmosCorePlugsCPUImplDoEnableInterrupts', ID = '349'
Method 'SystemConsoleKeyInfoCosmosSystemPlugsSystemConsoleImplReadKeySystemBoolean', ID = '351'
Method 'SystemVoidChocolateTerminalInit', ID = '353'
Method 'SystemBooleanSystemStringop_EqualitySystemStringSystemString', ID = '355'
Method 'SystemVoidChocolateUsrMgmtCheckUser', ID = '358'
Method 'SystemVoidChocolateAdvConsoleClear', ID = '359'
Method 'SystemVoidChocolateAdvConsoleFillSystemConsoleColor', ID = '360'
Method 'SystemVoidChocolateKernelFullInit', ID = '361'
Method 'SystemVoidChocolateTerminalStart', ID = '362'
Method 'SystemVoidSystemTextUnicodeEncodingctorSystemBooleanSystemBoolean', ID = '363'
Method 'SystemVoidCosmosSystemPlugsSystemConsoleImplcctor', ID = '372'
Method 'SystemVoidCosmosSystemConsoleWriteCharSystemChar', ID = '375'
Method 'SystemVoidCosmosSystemConsoleUpdateCursor', ID = '377'
Method 'SystemStringCosmosCommonStringHelperGetNumberStringSystemInt32', ID = '382'
Method 'SystemStringCosmosCommonStringHelperGetNumberStringSystemUInt32', ID = '385'
Method 'SystemStringSystemStringConcatSystemStringSystemString', ID = '388'
Method 'SystemUInt32CosmosCorePlugsCPUImplGetEndOfKernel', ID = '389'
Method 'SystemVoidCosmosCorePlugsCPUImplZeroFillSystemUInt32SystemUInt32', ID = '390'
Method 'SystemVoidCosmosCoreHeapcctor', ID = '391'
Method 'SystemVoidCosmosCoreHeapDoInitializeSystemUInt32', ID = '395'
Method 'SystemVoidCosmosSystemPlugsSystemEnumImplCctor', ID = '400'
Method 'SystemStringCosmosSystemPlugsSystemIntPtrImplToString', ID = '401'
Method 'SystemVoidCosmosCoreCPUctor', ID = '402'
Method 'SystemVoidCosmosCoreINTscctor', ID = '403'
Method 'CosmosCorePICCosmosCoreGlobalget_PIC', ID = '405'
Method 'SystemVoidCosmosCorePICEoiSlave', ID = '406'
Method 'SystemVoidCosmosCorePICEoiMaster', ID = '407'
Method 'SystemVoidCosmosCoreINTsHandleExceptionSystemUInt32SystemStringSystemStringCosmosCoreINTsIRQContextSystemUInt32', ID = '408'
Method 'SystemVoidCosmosCorePlugsSystemAssemblersDelegateImplInvoke', ID = '535'
Method 'SystemVoidCosmosCoreINTsIRQSystemUInt32CosmosCoreINTsIRQContext', ID = '412'
Method 'SystemVoidCosmosCoreIOPortctorSystemUInt16', ID = '415'
Method 'SystemVoidCosmosCoreIOGroupIOGroupctor', ID = '416'
Method 'SystemByteCosmosCoreIOPortget_Byte', ID = '417'
Method 'SystemVoidCosmosCoreIOPortset_ByteSystemByte', ID = '418'
Method 'SystemVoidCosmosCoreIOPortWait', ID = '419'
Method 'SystemVoidCosmosSystemScanMapsUS_StandardInitKeys', ID = '421'
Method 'SystemVoidCosmosCoreIOGroupKeyboardctor', ID = '422'
Method 'SystemVoidCosmosCoreIOGroupPITctor', ID = '423'
Method 'SystemVoidCosmosCoreIOGroupATActorSystemBoolean', ID = '424'
Method 'SystemVoidCosmosCoreIOGroupRTCctor', ID = '425'
Method 'SystemVoidCosmosCoreIOGroupVBEctor', ID = '426'
Method 'SystemVoidSystemCollectionsGenericQueue1CosmosHALKeyEventcctor', ID = '429'
Method 'SystemVoidCosmosHALPS2KeyboardHandleIRQCosmosCoreINTsIRQContext', ID = '430'
Method 'SystemVoidCosmosCorePlugsSystemAssemblersDelegateImplCtorSystemObjectSystemIntPtr', ID = '560'
Method 'SystemVoidCosmosCoreINTsSetIrqHandlerSystemByteCosmosCoreINTsIRQDelegate', ID = '432'
Method 'SystemVoidCosmosCoreMemoryBlockctorSystemUInt32SystemUInt32', ID = '433'
Method 'SystemVoidCosmosHALTextScreenSetColorsSystemConsoleColorSystemConsoleColor', ID = '435'
Method 'SystemUInt16CosmosHALTextScreenget_Cols', ID = '437'
Method 'SystemUInt16CosmosHALTextScreenget_Rows', ID = '438'
Method 'SystemVoidCosmosHALTextScreenSetCursorSizeSystemInt32', ID = '439'
Method 'SystemVoidCosmosHALTextScreenSetCursorVisibleSystemBoolean', ID = '440'
Method 'SystemVoidCosmosHALPCIEnumerateDevices', ID = '442'
Method 'SystemVoidCosmosHALBlockDeviceAtactor', ID = '445'
Method 'SystemVoidCosmosCoreIOPortWriteset_ByteSystemByte', ID = '446'
Method 'CosmosHALBlockDeviceAtaPioSpecLevelCosmosHALBlockDeviceAtaPioDiscoverDrive', ID = '447'
Method 'SystemVoidCosmosHALBlockDeviceAtaPioInitDrive', ID = '448'
Method 'SystemVoidCosmosHALBlockDeviceBlockDevicecctor', ID = '450'
Method 'SystemVoidSystemCollectionsGenericList1CosmosHALBlockDeviceBlockDeviceEnsureCapacitySystemInt32', ID = '452'
Method 'SystemVoidCosmosHALBlockDeviceAtacctor', ID = '453'
Method 'SystemStringCosmosHALBlockDeviceAtaToString', ID = '454'
Method 'SystemVoidCosmosHALBlockDeviceAtaPioReadBlockSystemUInt64SystemUInt64SystemBytearray', ID = '458'
Method 'SystemVoidSystemCollectionsGenericList1CosmosHALBlockDeviceMBRPartInfoctor', ID = '459'
Method 'SystemVoidCosmosHALBlockDeviceMBRParsePartitionSystemBytearraySystemUInt32', ID = '460'
Method 'SystemVoidSystemCollectionsGenericList1CosmosHALBlockDeviceEBRPartInfoctor', ID = '461'
Method 'SystemVoidCosmosHALBlockDeviceEBRParsePartitionSystemBytearraySystemUInt32', ID = '462'
Method 'SystemVoidSystemThrowHelperThrowArgumentOutOfRangeException', ID = '465'
Method 'SystemVoidCosmosHALBlockDeviceBlockDevicector', ID = '467'
Method 'SystemUInt64CosmosHALBlockDeviceBlockDeviceget_BlockSize', ID = '468'
Method 'SystemVoidCosmosSystemConsoleClear', ID = '469'
Method 'SystemVoidChocolateAdvConsolecctor', ID = '470'
Method 'SystemInt32CosmosSystemConsoleget_Cols', ID = '477'
Method 'SystemVoidCosmosSystemConsoleset_XSystemInt32', ID = '479'
Method 'SystemInt32CosmosSystemConsoleget_Rows', ID = '480'
Method 'SystemVoidCosmosSystemConsoleset_YSystemInt32', ID = '481'
Method 'CosmosHALKeyEventCosmosHALKeyboardReadKey', ID = '482'
Method 'SystemCharCosmosHALKeyEventget_KeyChar', ID = '483'
Method 'SystemVoidCosmosSystemPlugsSystemConsoleImplWriteSystemChar', ID = '484'
Method 'CosmosHALConsoleKeyExCosmosHALKeyEventget_Key', ID = '485'
Method 'SystemConsoleKeyCosmosHALConsoleKeyExExtensionsToConsoleKeyCosmosHALConsoleKeyEx', ID = '486'
Method 'SystemVoidSystemConsoleKeyInfoctorSystemCharSystemConsoleKeySystemBooleanSystemBooleanSystemBoolean', ID = '487'
Method 'SystemVoidChocolateTerminalcctor', ID = '488'
Method 'SystemVoidCosmosSystemFileSystemCosmosVFSctor', ID = '489'
Method 'SystemVoidCosmosSystemFileSystemVFSVFSManagerRegisterVFSCosmosSystemFileSystemVFSVFSBase', ID = '490'
Method 'SystemVoidChocolateSystemRingGetCoreInfoCoreInfo', ID = '492'
Method 'SystemCharCosmosSystemFileSystemVFSVFSManagerGetDirectorySeparatorChar', ID = '493'
Method 'SystemVoidChocolateSystemRingErrorHandlerWarningSystemInt32SystemString', ID = '496'
Method 'SystemBooleanSystemStringEqualsSystemStringSystemString', ID = '498'
Method 'SystemVoidChocolateosvarscctor', ID = '499'
Method 'SystemVoidChocolateUsrMgmtNewUserSystemString', ID = '502'
Method 'SystemBooleanSystemStringStartsWithSystemString', ID = '505'
Method 'SystemVoidChocolateApplicationsColorChangerChangeBGCSystemString', ID = '507'
Method 'SystemVoidChocolateApplicationsColorChangerChangeFGCSystemString', ID = '508'
Method 'SystemStringSystemStringConcatSystemStringSystemStringSystemStringSystemString', ID = '510'
Method 'SystemVoidChocolateTerminalSendCommandSystemString', ID = '511'
Method 'SystemVoidSystemTextUnicodeEncodingctorSystemBooleanSystemBooleanSystemBoolean', ID = '513'
Method 'SystemCharCosmosCorePlugsSystemStringImplget_CharsSystemInt32SystemCharpointer', ID = '517'
Method 'SystemVoidCosmosHALTextScreenScrollUp', ID = '519'
Method 'SystemVoidCosmosCorePlugsSystemStringImplcctor', ID = '521'
Method 'SystemStringCosmosIL2CPUPlugsSystemExceptionImplget_MessageSystemString', ID = '523'
Method 'SystemBooleanSystemStringIsNullOrEmptySystemString', ID = '524'
Method 'SystemVoidSystemStringFillStringCheckedSystemStringSystemInt32SystemString', ID = '526'
Method 'SystemVoidCosmosCorePlugsCPUImplDoDisableInterrupts', ID = '527'
Method 'SystemUInt32CosmosCorePlugsCPUImplGetAmountOfRAM', ID = '528'
Method 'SystemVoidCosmosCoreINTsPutErrorCharSystemInt32SystemInt32SystemChar', ID = '533'
Method 'SystemVoidCosmosCoreINTsPutErrorStringSystemInt32SystemInt32SystemString', ID = '534'
Method 'SystemVoidCosmosCoreIOPortBasectorSystemUInt16', ID = '537'
Method 'SystemVoidSystemCollectionsGenericList1CosmosHALKeyMappingctorSystemInt32', ID = '541'
Method 'SystemVoidCosmosHALKeyMappingctorSystemUInt32CosmosHALConsoleKeyEx', ID = '542'
Method 'SystemVoidSystemCollectionsGenericList1CosmosHALKeyMappingAddCosmosHALKeyMapping', ID = '543'
Method 'SystemVoidCosmosHALKeyMappingctorSystemUInt32SystemCharSystemCharSystemCharSystemCharSystemCharSystemCharCosmosHALConsoleKeyEx', ID = '544'
Method 'SystemVoidCosmosHALKeyMappingctorSystemUInt32SystemCharCosmosHALConsoleKeyEx', ID = '545'
Method 'SystemVoidCosmosHALKeyMappingctorSystemUInt32SystemCharSystemCharSystemCharSystemCharSystemCharSystemCharCosmosHALConsoleKeyExCosmosHALConsoleKeyEx', ID = '546'
Method 'SystemVoidCosmosCoreIOPortWritectorSystemUInt16', ID = '549'
Method 'SystemUInt16CosmosCoreIOGroupATAGetBAR0SystemBoolean', ID = '550'
Method 'SystemUInt16CosmosCoreIOGroupATAGetBAR1SystemBoolean', ID = '551'
Method 'SystemVoidCosmosCoreIOPortWritectorSystemUInt16SystemUInt16', ID = '552'
Method 'SystemVoidCosmosCoreIOPortctorSystemUInt16SystemUInt16', ID = '553'
Method 'SystemVoidCosmosCoreIOPortReadctorSystemUInt16SystemUInt16', ID = '554'
Method 'SystemVoidCosmosCoreMemoryBlock08ctorSystemUInt32SystemUInt32', ID = '557'
Method 'SystemVoidCosmosCoreINTsSetIntHandlerSystemByteCosmosCoreINTsIRQDelegate', ID = '561'
Method 'SystemVoidCosmosCoreMemoryBlock16ctorSystemUInt32SystemUInt32', ID = '562'
Method 'SystemVoidCosmosCoreMemoryBlock32ctorSystemUInt32SystemUInt32', ID = '563'
Method 'SystemVoidCosmosHALPCIcctor', ID = '565'
Method 'SystemVoidSystemCollectionsGenericList1CosmosHALPCIDevicector', ID = '566'
Method 'SystemVoidCosmosHALPCIEnumerateBusSystemUInt32SystemUInt32', ID = '568'
Method 'SystemVoidCosmosHALBlockDeviceAtaPiocctor', ID = '569'
Method 'SystemStringCosmosHALBlockDeviceAtaPioToString', ID = '570'
Method 'SystemVoidCosmosHALBlockDeviceAtaPioSelectDriveSystemByte', ID = '572'
Method 'CosmosHALBlockDeviceAtaPioStatusCosmosHALBlockDeviceAtaPioSendCmdCosmosHALBlockDeviceAtaPioCmdSystemBoolean', ID = '573'
Method 'CosmosHALBlockDeviceAtaPioStatusCosmosHALBlockDeviceAtaPioSendCmdCosmosHALBlockDeviceAtaPioCmd', ID = '574'
Method 'SystemVoidCosmosCoreIOPortBaseRead16SystemUInt16array', ID = '575'
Method 'SystemStringCosmosHALBlockDeviceAtaPioGetStringSystemUInt16arraySystemInt32SystemInt32', ID = '576'
Method 'SystemVoidSystemCollectionsGenericList1CosmosHALBlockDeviceBlockDevicector', ID = '577'
Method 'SystemVoidSystemCollectionsGenericList1CosmosHALBlockDeviceBlockDevicecctor', ID = '578'
Method 'SystemVoidSystemCollectionsGenericList1CosmosHALBlockDeviceBlockDeviceset_CapacitySystemInt32', ID = '579'
Method 'SystemStringCosmosSystemPlugsSystemByteImplToString', ID = '580'
Method 'SystemVoidCosmosHALBlockDeviceBlockDeviceCheckDataSizeSystemBytearraySystemUInt64', ID = '582'
Method 'SystemVoidCosmosHALBlockDeviceAtaPioSelectSectorSystemUInt64SystemUInt64', ID = '583'
Method 'SystemVoidCosmosCoreIOPortBaseRead8SystemBytearray', ID = '584'
Method 'SystemUInt32CosmosCommonExtensionsByteConverterToUInt32SystemBytearraySystemUInt64', ID = '586'
Method 'SystemVoidCosmosHALBlockDeviceMBRPartInfoctorSystemByteSystemUInt32SystemUInt32', ID = '587'
Method 'SystemVoidSystemCollectionsGenericList1CosmosHALBlockDeviceMBRPartInfoAddCosmosHALBlockDeviceMBRPartInfo', ID = '588'
Method 'SystemVoidCosmosHALBlockDeviceEBRPartInfoctorSystemByteSystemUInt32SystemUInt32', ID = '590'
Method 'SystemVoidSystemCollectionsGenericList1CosmosHALBlockDeviceEBRPartInfoAddCosmosHALBlockDeviceEBRPartInfo', ID = '591'
Method 'SystemVoidSystemCollectionsGenericList1CosmosHALBlockDeviceEBRPartInfocctor', ID = '592'
Method 'SystemVoidSystemCollectionsGenericList1CosmosHALBlockDeviceMBRPartInfocctor', ID = '593'
Method 'SystemVoidSystemThrowHelperThrowArgumentOutOfRangeExceptionSystemExceptionArgumentSystemExceptionResource', ID = '594'
Method 'SystemStringCosmosHALBlockDevicePartitionToString', ID = '595'
Method 'SystemVoidCosmosHALBlockDevicePartitionReadBlockSystemUInt64SystemUInt64SystemBytearray', ID = '596'
Method 'SystemConsoleColorCosmosSystemPlugsSystemConsoleImplget_ForegroundColor', ID = '598'
Method 'SystemConsoleColorCosmosSystemPlugsSystemConsoleImplget_BackgroundColor', ID = '599'
Method 'SystemVoidCosmosSystemPlugsSystemConsoleImplset_ForegroundColorSystemConsoleColor', ID = '600'
Method 'SystemVoidCosmosSystemPlugsSystemConsoleImplset_BackgroundColorSystemConsoleColor', ID = '601'
Method 'SystemInt32CosmosSystemPlugsSystemConsoleImplget_CursorLeft', ID = '602'
Method 'SystemInt32CosmosSystemPlugsSystemConsoleImplget_CursorTop', ID = '603'
Method 'CosmosCoreCPUCosmosCoreGlobalget_CPU', ID = '604'
Method 'SystemInt32SystemCollectionsGenericQueue1CosmosHALKeyEventget_Count', ID = '606'
Method 'CosmosHALKeyEventSystemCollectionsGenericQueue1CosmosHALKeyEventDequeue', ID = '607'
Method 'SystemVoidSystemArgumentOutOfRangeExceptionctorSystemStringSystemString', ID = '611'
Method 'SystemStringSystemStringConcatSystemStringSystemStringSystemString', ID = '613'
Method 'SystemVoidCosmosSystemFileSystemVFSVFSBasector', ID = '616'
Method 'SystemVoidCosmosSystemFileSystemCosmosVFSInitialize', ID = '620'
Method 'SystemCollectionsGenericList1CosmosSystemFileSystemListingDirectoryEntryCosmosSystemFileSystemVFSVFSManagerGetVolumes', ID = '622'
Method 'SystemInt32SystemCollectionsGenericList1CosmosSystemFileSystemListingDirectoryEntryget_Count', ID = '623'
Method 'ChocolateSystemRingDateTimeChocolateSystemRingSystemInfoget_Time', ID = '624'
Method 'SystemStringCosmosSystemPlugsSystemCharImplToString', ID = '626'
Method 'SystemBooleanCosmosSystemPlugsSystemIODirectoryImplExistsSystemString', ID = '628'
Method 'SystemStringCosmosSystemPlugsSystemConsoleImplReadLine', ID = '632'
Method 'SystemIODirectoryInfoCosmosSystemPlugsSystemIODirectoryImplCreateDirectorySystemString', ID = '637'
Method 'SystemStringarrayCosmosSystemPlugsSystemIOFileImplReadAllLinesSystemString', ID = '640'
Method 'SystemVoidSystemArgumentNullExceptionctorSystemString', ID = '641'
Method 'SystemStringCosmosCorePlugsSystemStringImplRemoveSystemInt32SystemInt32', ID = '643'
Method 'SystemStringSystemStringToLower', ID = '645'
Method 'SystemVoidChocolateAdvConsoleWriteLineSystemStringSystemConsoleColorSystemBooleanSystemBoolean', ID = '646'
Method 'SystemVoidCosmosSystemPowerReboot', ID = '647'
Method 'SystemVoidCocoaShellCocoashellRun', ID = '648'
Method 'SystemVoidChocolateApplicationsHelphelp', ID = '649'
Method 'SystemStringarraySystemStringSplitSystemStringarraySystemStringSplitOptions', ID = '654'
Method 'SystemVoidSystemTextEncodingctorSystemInt32', ID = '656'
Method 'SystemVoidSystemTextEncodingSetDefaultFallbacks', ID = '657'
Method 'SystemVoidCosmosHALTextScreenset_ItemSystemInt32SystemInt32SystemChar', ID = '661'
Method 'SystemVoidCosmosCoreMemoryBlockMoveDownSystemUInt32SystemUInt32SystemUInt32', ID = '662'
Method 'SystemVoidCosmosCoreMemoryBlockFillSystemUInt32SystemUInt32SystemUInt16', ID = '663'
Method 'SystemVoidCosmosHALTextScreenSetCursorPosSystemInt32SystemInt32', ID = '664'
Method 'SystemVoidCosmosCommonStringHelpercctor', ID = '666'
Method 'SystemStringCosmosCorePlugsSystemStringImplFastAllocateStringSystemInt32', ID = '667'
Method 'SystemVoidSystemIndexOutOfRangeExceptionctor', ID = '668'
Method 'SystemVoidSystemStringwstrcpySystemCharpointerSystemCharpointerSystemInt32', ID = '669'
Method 'SystemByteCosmosCorePlugsIOPortImplRead8SystemUInt16', ID = '671'
Method 'SystemVoidCosmosCorePlugsIOPortImplWrite8SystemUInt16SystemByte', ID = '672'
Method 'SystemVoidSystemCollectionsGenericList1CosmosHALKeyMappingEnsureCapacitySystemInt32', ID = '676'
Method 'SystemVoidCosmosCoreIOPortBasectorSystemUInt16SystemUInt16', ID = '677'
Method 'SystemVoidCosmosHALPS2KeyboardHandleScancodeSystemByteSystemBoolean', ID = '680'
Method 'SystemStringCosmosSystemPlugsSystemUInt16ImplToString', ID = '683'
Method 'SystemVoidCosmosHALPCIDevicectorSystemUInt32SystemUInt32SystemUInt32', ID = '687'
Method 'SystemBooleanCosmosHALPCIDeviceget_DeviceExists', ID = '688'
Method 'CosmosHALPCIDevicePCIHeaderTypeCosmosHALPCIDeviceget_HeaderType', ID = '689'
Method 'SystemVoidCosmosHALPCIDeviceBridgectorSystemUInt32SystemUInt32SystemUInt32', ID = '690'
Method 'SystemVoidCosmosHALPCIAddDeviceCosmosHALPCIDeviceSystemUInt32', ID = '691'
Method 'SystemVoidCosmosHALPCIDeviceCardbusctorSystemUInt32SystemUInt32SystemUInt32', ID = '692'
Method 'SystemVoidCosmosHALPCIDeviceNormalctorSystemUInt32SystemUInt32SystemUInt32', ID = '693'
Method 'SystemVoidCosmosHALBlockDeviceAtaPioWait', ID = '695'
Method 'SystemByteCosmosCoreIOPortReadget_Byte', ID = '698'
Method 'SystemVoidCosmosHALBlockDeviceAtaPioDebugSystemString', ID = '699'
Method 'SystemVoidCosmosHALBlockDeviceAtaPioDebugHexSystemStringSystemUInt32', ID = '700'
Method 'SystemVoidSystemArrayCopySystemArraySystemInt32SystemArraySystemInt32SystemInt32', ID = '705'
Method 'SystemStringCosmosSystemPlugsSystemUInt64ImplToString', ID = '708'
Method 'SystemVoidCosmosHALBlockDeviceBlockDeviceCheckBlockNoSystemUInt64SystemUInt64', ID = '709'
Method 'SystemVoidCosmosCoreIOPortWriteset_WordSystemUInt16', ID = '710'
Method 'SystemVoidSystemCollectionsGenericList1CosmosHALBlockDeviceMBRPartInfoEnsureCapacitySystemInt32', ID = '712'
Method 'SystemVoidSystemCollectionsGenericList1CosmosHALBlockDeviceEBRPartInfoEnsureCapacitySystemInt32', ID = '714'
Method 'SystemBooleanSystemCompatibilitySwitchesget_IsAppEarlierThanWindowsPhone8', ID = '716'
Method 'SystemStringSystemThrowHelperGetArgumentNameSystemExceptionArgument', ID = '717'
Method 'SystemVoidCosmosHALTextScreenClear', ID = '718'
Method 'SystemVoidCosmosSystemConsoleset_ForegroundSystemConsoleColor', ID = '719'
Method 'SystemVoidCosmosSystemConsoleset_BackgroundSystemConsoleColor', ID = '720'
Method 'SystemInt32CosmosSystemConsoleget_X', ID = '721'
Method 'SystemInt32CosmosSystemConsoleget_Y', ID = '722'
Method 'SystemVoidCosmosCorePlugsCPUImplHalt', ID = '723'
Method 'SystemVoidSystemArgumentExceptionctorSystemStringSystemString', ID = '725'
Method 'SystemVoidSystemCollectionsGenericList1CosmosHALBlockDevicePartitionctor', ID = '726'
Method 'SystemVoidSystemCollectionsGenericList1CosmosSystemFileSystemFileSystemctor', ID = '727'
Method 'SystemVoidCosmosSystemFileSystemCosmosVFSInitializePartitions', ID = '728'
Method 'SystemInt32SystemCollectionsGenericList1CosmosHALBlockDevicePartitionget_Count', ID = '729'
Method 'SystemVoidCosmosSystemFileSystemCosmosVFSInitializeFileSystems', ID = '730'
Method 'SystemVoidChocolateSystemRingDateTimector', ID = '735'
Method 'SystemByteCosmosHALRTCget_Second', ID = '736'
Method 'SystemVoidChocolateSystemRingDateTimeset_SecondSystemInt32', ID = '737'
Method 'SystemByteCosmosHALRTCget_Minute', ID = '738'
Method 'SystemVoidChocolateSystemRingDateTimeset_MinuteSystemInt32', ID = '739'
Method 'SystemByteCosmosHALRTCget_Hour', ID = '740'
Method 'SystemVoidChocolateSystemRingDateTimeset_HourSystemInt32', ID = '741'
Method 'SystemByteCosmosHALRTCget_Month', ID = '742'
Method 'SystemVoidChocolateSystemRingDateTimeset_MonthSystemInt32', ID = '743'
Method 'SystemByteCosmosHALRTCget_Year', ID = '744'
Method 'SystemVoidChocolateSystemRingDateTimeset_YearSystemInt32', ID = '745'
Method 'SystemByteCosmosHALRTCget_DayOfTheMonth', ID = '746'
Method 'SystemVoidChocolateSystemRingDateTimeset_DaySystemInt32', ID = '747'
Method 'SystemByteCosmosHALRTCget_DayOfTheWeek', ID = '748'
Method 'SystemVoidChocolateSystemRingDateTimeset_DayOfTheWeekSystemInt32', ID = '749'
Method 'SystemStringCosmosCorePlugsSystemStringImplFormatSystemStringSystemObjectSystemObject', ID = '750'
Method 'SystemBooleanCosmosSystemFileSystemVFSVFSManagerDirectoryExistsSystemString', ID = '754'
Method 'SystemVoidSystemCollectionsGenericList1SystemCharctorSystemInt32', ID = '755'
Method 'SystemVoidSystemCollectionsGenericList1SystemCharRemoveAtSystemInt32', ID = '756'
Method 'SystemCharSystemCollectionsGenericList1SystemCharget_ItemSystemInt32', ID = '757'
Method 'SystemInt32SystemCollectionsGenericList1SystemCharget_Count', ID = '758'
Method 'SystemVoidSystemCollectionsGenericList1SystemCharAddSystemChar', ID = '759'
Method 'SystemVoidSystemCollectionsGenericList1SystemCharctor', ID = '760'
Method 'SystemVoidCosmosSystemPlugsSystemConsoleImplWriteLine', ID = '761'
Method 'SystemChararraySystemCollectionsGenericList1SystemCharToArray', ID = '762'
Method 'SystemBooleanCosmosCorePlugsSystemStringImplEqualsHelperSystemStringSystemString', ID = '763'
Method 'SystemIOFileStreamCosmosSystemPlugsSystemIOFileImplCreateSystemString', ID = '765'
Method 'SystemStringSystemIODirectoryInfoToString', ID = '767'
Method 'CosmosSystemFileSystemListingDirectoryEntryCosmosSystemFileSystemVFSVFSManagerCreateDirectorySystemString', ID = '768'
Method 'SystemStringCosmosSystemPlugsSystemIOFileImplReadAllTextSystemString', ID = '771'
Method 'SystemStringSystemEnvironmentget_NewLine', ID = '772'
Method 'SystemStringarraySystemStringSplitSystemChararraySystemStringSplitOptions', ID = '774'
Method 'SystemBooleanCosmosCorePlugsSystemStringImplStartsWithSystemStringSystemStringComparison', ID = '777'
Method 'SystemStringSystemStringSubstringSystemInt32SystemInt32', ID = '778'
Method 'SystemVoidCosmosHALPowerReboot', ID = '782'
Method 'SystemVoidCocoaShellCocoashellSendCMDSystemString', ID = '785'
Method 'SystemBooleanSystemStringop_InequalitySystemStringSystemString', ID = '787'
Method 'SystemBooleanCosmosSystemPlugsSystemIOFileImplExistsSystemString', ID = '788'
Method 'SystemStringarrayCosmosSystemPlugsSystemIODirectoryImplGetDirectoriesSystemString', ID = '789'
Method 'SystemStringarrayCosmosSystemPlugsSystemIODirectoryImplGetFilesSystemString', ID = '790'
Method 'SystemStringarraySystemStringSplitSystemStringarraySystemInt32SystemStringSplitOptions', ID = '792'
Method 'SystemVoidSystemArgumentOutOfRangeExceptionctorSystemString', ID = '793'
Method 'SystemVoidSystemTextUnicodeEncodingSetDefaultFallbacks', ID = '794'
Method 'SystemVoidSystemTextInternalEncoderBestFitFallbackctorSystemTextEncoding', ID = '795'
Method 'SystemVoidSystemTextInternalDecoderBestFitFallbackctorSystemTextEncoding', ID = '796'
Method 'SystemVoidCosmosSystemPlugsSystemCharImplCctor', ID = '797'
Method 'SystemVoidCosmosCoreMemoryBlock08set_ItemSystemUInt32SystemByte', ID = '798'
Method 'SystemVoidSystemBufferMemcpySystemBytepointerSystemBytepointerSystemInt32', ID = '801'
Method 'SystemVoidSystemCollectionsGenericList1CosmosHALKeyMappingcctor', ID = '803'
Method 'SystemVoidSystemCollectionsGenericList1CosmosHALKeyMappingset_CapacitySystemInt32', ID = '804'
Method 'SystemBooleanCosmosHALGlobalget_CapsLock', ID = '805'
Method 'SystemBooleanCosmosHALGlobalget_NumLock', ID = '806'
Method 'SystemBooleanCosmosHALGlobalget_ScrollLock', ID = '807'
Method 'SystemVoidCosmosHALKeyboardset_ControlPressedSystemBoolean', ID = '808'
Method 'SystemVoidCosmosHALKeyboardset_ShiftPressedSystemBoolean', ID = '809'
Method 'SystemVoidCosmosHALKeyboardset_AltPressedSystemBoolean', ID = '810'
Method 'SystemBooleanCosmosHALKeyboardget_ControlPressed', ID = '811'
Method 'SystemBooleanCosmosHALKeyboardget_AltPressed', ID = '812'
Method 'SystemVoidCosmosCoreCPUReboot', ID = '813'
Method 'SystemBooleanCosmosHALPS2KeyboardGetKeySystemByteSystemBooleanCosmosHALKeyEvent', ID = '814'
Method 'SystemVoidCosmosHALKeyboardEnqueueCosmosHALKeyEvent', ID = '815'
Method 'SystemVoidSystemCollectionsGenericList1CosmosHALPCIDevicecctor', ID = '818'
Method 'SystemVoidCosmosCoreIOGroupPCIctor', ID = '820'
Method 'SystemUInt16CosmosHALPCIDeviceReadRegister16SystemByte', ID = '821'
Method 'SystemVoidCosmosHALPCIDeviceset_VendorIDSystemUInt16', ID = '822'
Method 'SystemVoidCosmosHALPCIDeviceset_DeviceIDSystemUInt16', ID = '823'
Method 'SystemByteCosmosHALPCIDeviceReadRegister8SystemByte', ID = '824'
Method 'SystemVoidCosmosHALPCIDeviceset_RevisionIDSystemByte', ID = '825'
Method 'SystemVoidCosmosHALPCIDeviceset_ProgIFSystemByte', ID = '826'
Method 'SystemVoidCosmosHALPCIDeviceset_SubclassSystemByte', ID = '827'
Method 'SystemVoidCosmosHALPCIDeviceset_ClassCodeSystemByte', ID = '828'
Method 'SystemVoidCosmosHALPCIDeviceset_CacheLineSizeSystemByte', ID = '829'
Method 'SystemVoidCosmosHALPCIDeviceset_LatencyTimerSystemByte', ID = '830'
Method 'SystemVoidCosmosHALPCIDeviceset_HeaderTypeCosmosHALPCIDevicePCIHeaderType', ID = '831'
Method 'SystemVoidCosmosHALPCIDeviceset_BISTCosmosHALPCIDevicePCIBist', ID = '832'
Method 'SystemVoidCosmosHALPCIDeviceset_InterruptLineSystemByte', ID = '833'
Method 'SystemVoidCosmosHALPCIDeviceset_InterruptPINCosmosHALPCIDevicePCIInterruptPIN', ID = '834'
Method 'SystemUInt16CosmosHALPCIDeviceget_VendorID', ID = '835'
Method 'SystemUInt16CosmosHALPCIDeviceget_DeviceID', ID = '836'
Method 'SystemVoidCosmosHALPCIDeviceset_DeviceExistsSystemBoolean', ID = '837'
Method 'SystemVoidCosmosHALPCIDeviceBridgeset_BaseAddressesCosmosHALPCIBaseAddressBararray', ID = '841'
Method 'CosmosHALPCIBaseAddressBararrayCosmosHALPCIDeviceBridgeget_BaseAddresses', ID = '842'
Method 'SystemUInt32CosmosHALPCIDeviceReadRegister32SystemByte', ID = '843'
Method 'SystemVoidCosmosHALPCIBaseAddressBarctorSystemUInt32', ID = '844'
Method 'SystemVoidCosmosHALPCIDeviceBridgeset_PrimaryBusNumberSystemByte', ID = '845'
Method 'SystemVoidCosmosHALPCIDeviceBridgeset_SecondaryBusNumberSystemByte', ID = '846'
Method 'SystemVoidCosmosHALPCIDeviceBridgeset_SubordinateBusNumberSystemByte', ID = '847'
Method 'SystemVoidCosmosHALPCIDeviceBridgeset_SecondaryLatencyTimerSystemByte', ID = '848'
Method 'SystemVoidCosmosHALPCIDeviceBridgeset_IOBaseSystemByte', ID = '849'
Method 'SystemVoidCosmosHALPCIDeviceBridgeset_IOLimitSystemByte', ID = '850'
Method 'SystemVoidCosmosHALPCIDeviceBridgeset_SecondaryStatusSystemUInt16', ID = '851'
Method 'SystemVoidCosmosHALPCIDeviceBridgeset_MemoryBaseSystemUInt16', ID = '852'
Method 'SystemVoidCosmosHALPCIDeviceBridgeset_MemoryLimitSystemUInt16', ID = '853'
Method 'SystemVoidCosmosHALPCIDeviceBridgeset_PrefatchableMemoryBaseSystemUInt16', ID = '854'
Method 'SystemVoidCosmosHALPCIDeviceBridgeset_PrefatchableMemoryLimitSystemUInt16', ID = '855'
Method 'SystemVoidCosmosHALPCIDeviceBridgeset_PrefatchableBaseUpper32SystemUInt32', ID = '856'
Method 'SystemVoidCosmosHALPCIDeviceBridgeset_PrefatchableLimitUpper32SystemUInt32', ID = '857'
Method 'SystemVoidCosmosHALPCIDeviceBridgeset_IOBaseUpper16SystemUInt16', ID = '858'
Method 'SystemVoidCosmosHALPCIDeviceBridgeset_IOLimitUpper16SystemUInt16', ID = '859'
Method 'SystemVoidCosmosHALPCIDeviceBridgeset_CapabilityPointerSystemByte', ID = '860'
Method 'SystemVoidCosmosHALPCIDeviceBridgeset_ExpansionROMBaseAddressSystemUInt32', ID = '861'
Method 'SystemVoidCosmosHALPCIDeviceBridgeset_BridgeControlSystemUInt16', ID = '862'
Method 'SystemStringCosmosHALPCIDeviceDeviceClassGetStringCosmosHALPCIDevice', ID = '863'
Method 'SystemStringSystemStringConcatSystemObjectarray', ID = '864'
Method 'SystemVoidSystemCollectionsGenericList1CosmosHALPCIDeviceAddCosmosHALPCIDevice', ID = '865'
Method 'SystemByteCosmosHALPCIDeviceBridgeget_SecondaryBusNumber', ID = '866'
Method 'SystemVoidCosmosHALPCIDeviceCardbusset_CardbusBaseAddressSystemUInt32', ID = '868'
Method 'SystemVoidCosmosHALPCIDeviceCardbusset_OffsetOfCapabilityListSystemByte', ID = '869'
Method 'SystemVoidCosmosHALPCIDeviceCardbusset_SecondaryStatusSystemUInt16', ID = '870'
Method 'SystemVoidCosmosHALPCIDeviceCardbusset_PCIBusNumberSystemByte', ID = '871'
Method 'SystemVoidCosmosHALPCIDeviceCardbusset_CardbusBusNumberSystemByte', ID = '872'
Method 'SystemVoidCosmosHALPCIDeviceCardbusset_SubordinateBusNumberSystemByte', ID = '873'
Method 'SystemVoidCosmosHALPCIDeviceCardbusset_CardbusLatencyTimerSystemByte', ID = '874'
Method 'SystemVoidCosmosHALPCIDeviceCardbusset_MemoryBaseAddress0SystemUInt32', ID = '875'
Method 'SystemVoidCosmosHALPCIDeviceCardbusset_MemoryLimit0SystemUInt32', ID = '876'
Method 'SystemVoidCosmosHALPCIDeviceCardbusset_MemoryBaseAddress1SystemUInt32', ID = '877'
Method 'SystemVoidCosmosHALPCIDeviceCardbusset_MemoryLimit1SystemUInt32', ID = '878'
Method 'SystemVoidCosmosHALPCIDeviceCardbusset_IOBaseAddress0SystemUInt32', ID = '879'
Method 'SystemVoidCosmosHALPCIDeviceCardbusset_IOLimit0SystemUInt32', ID = '880'
Method 'SystemVoidCosmosHALPCIDeviceCardbusset_IOBaseAddress1SystemUInt32', ID = '881'
Method 'SystemVoidCosmosHALPCIDeviceCardbusset_IOLimit1SystemUInt32', ID = '882'
Method 'SystemVoidCosmosHALPCIDeviceCardbusset_BridgeControlSystemUInt16', ID = '883'
Method 'SystemVoidCosmosHALPCIDeviceCardbusset_SubsystemDeviceIDSystemUInt16', ID = '884'
Method 'SystemVoidCosmosHALPCIDeviceCardbusset_SubsystemVendorIDSystemUInt16', ID = '885'
Method 'SystemVoidCosmosHALPCIDeviceCardbusset_PCCardBaseAddressSystemUInt32', ID = '886'
Method 'SystemVoidCosmosHALPCIDeviceNormalset_BaseAddressesCosmosHALPCIBaseAddressBararray', ID = '888'
Method 'CosmosHALPCIBaseAddressBararrayCosmosHALPCIDeviceNormalget_BaseAddresses', ID = '889'
Method 'SystemVoidCosmosHALPCIDeviceNormalset_CardbusCISPointerSystemUInt32', ID = '890'
Method 'SystemVoidCosmosHALPCIDeviceNormalset_SubsystemVendorIDSystemUInt16', ID = '891'
Method 'SystemVoidCosmosHALPCIDeviceNormalset_SubsystemIDSystemUInt16', ID = '892'
Method 'SystemVoidCosmosHALPCIDeviceNormalset_ExpansionROMBaseAddressSystemUInt32', ID = '893'
Method 'SystemVoidCosmosHALPCIDeviceNormalset_CapabilitiesPointerSystemByte', ID = '894'
Method 'SystemVoidCosmosHALPCIDeviceNormalset_MinGrantSystemByte', ID = '895'
Method 'SystemVoidCosmosHALPCIDeviceNormalset_MaxLatencySystemByte', ID = '896'
Method 'SystemVoidCosmosDebugKernelDebuggerSendNumberSystemUInt32', ID = '897'
Method 'SystemUInt16CosmosCorePlugsIOPortImplRead16SystemUInt16', ID = '898'
Method 'SystemVoidCosmosCorePlugsSystemStringImplCtorSystemChararraySystemStringSystemInt32SystemCharpointer', ID = '899'
Method 'SystemStringCosmosSystemPlugsSystemUInt64Impl2GetNumberStringSystemUInt64SystemBoolean', ID = '903'
Method 'SystemVoidSystemCollectionsGenericList1CosmosHALBlockDeviceMBRPartInfoset_CapacitySystemInt32', ID = '905'
Method 'SystemVoidSystemCollectionsGenericList1CosmosHALBlockDeviceEBRPartInfoset_CapacitySystemInt32', ID = '906'
Method 'SystemVoidCosmosCoreMemoryBlockFillSystemUInt16', ID = '908'
Method 'SystemConsoleColorCosmosSystemConsoleget_Background', ID = '909'
Method 'SystemConsoleColorCosmosSystemConsoleget_Foreground', ID = '910'
Method 'SystemStringSystemArgumentOutOfRangeExceptionget_Message', ID = '912'
Method 'CosmosHALBlockDeviceBlockDeviceSystemCollectionsGenericList1CosmosHALBlockDeviceBlockDeviceget_ItemSystemInt32', ID = '917'
Method 'SystemVoidSystemCollectionsGenericList1CosmosHALBlockDevicePartitionAddCosmosHALBlockDevicePartition', ID = '918'
Method 'SystemInt32SystemCollectionsGenericList1CosmosHALBlockDeviceBlockDeviceget_Count', ID = '919'
Method 'CosmosHALBlockDevicePartitionSystemCollectionsGenericList1CosmosHALBlockDevicePartitionget_ItemSystemInt32', ID = '920'
Method 'SystemStringSystemStringConcatSystemObjectSystemObjectSystemObject', ID = '921'
Method 'SystemUInt64CosmosHALBlockDeviceBlockDeviceget_BlockCount', ID = '922'
Method 'SystemCharCosmosSystemFileSystemVFSVFSBaseget_VolumeSeparatorChar', ID = '923'
Method 'SystemCharCosmosSystemFileSystemVFSVFSBaseget_DirectorySeparatorChar', ID = '924'
Method 'CosmosSystemFileSystemFileSystemTypeCosmosSystemFileSystemFileSystemGetFileSystemTypeCosmosHALBlockDevicePartition', ID = '925'
Method 'SystemVoidCosmosSystemFileSystemFATFatFileSystemctorCosmosHALBlockDevicePartitionSystemString', ID = '926'
Method 'SystemVoidSystemCollectionsGenericList1CosmosSystemFileSystemFileSystemAddCosmosSystemFileSystemFileSystem', ID = '927'
Method 'SystemInt32SystemCollectionsGenericList1CosmosSystemFileSystemFileSystemget_Count', ID = '928'
Method 'CosmosSystemFileSystemFileSystemSystemCollectionsGenericList1CosmosSystemFileSystemFileSystemget_ItemSystemInt32', ID = '929'
Method 'SystemStringCosmosSystemFileSystemFileSystemget_mRootPath', ID = '930'
Method 'SystemVoidSystemCollectionsGenericList1CosmosSystemFileSystemListingDirectoryEntrycctor', ID = '933'
Method 'SystemCollectionsGenericList1CosmosSystemFileSystemListingDirectoryEntryCosmosSystemFileSystemCosmosVFSGetVolumes', ID = '934'
Method 'SystemStringChocolateSystemRingDateTimeToString', ID = '935'
Method 'SystemVoidCosmosHALRTCWaitForReady', ID = '937'
Method 'SystemByteCosmosHALRTCFromBCDSystemByte', ID = '940'
Method 'SystemStringCosmosCorePlugsSystemStringImplFormatHelperSystemIFormatProviderSystemStringSystemObjectarray', ID = '942'
Method 'SystemVoidCosmosSystemPlugsSystemIODirectoryImplcctor', ID = '943'
Method 'CosmosSystemFileSystemListingDirectoryEntryCosmosSystemFileSystemVFSVFSManagerGetDirectorySystemString', ID = '945'
Method 'SystemVoidSystemCollectionsGenericList1SystemCharEnsureCapacitySystemInt32', ID = '948'
Method 'CosmosSystemFileSystemListingDirectoryEntryCosmosSystemFileSystemVFSVFSManagerCreateFileSystemString', ID = '951'
Method 'SystemStringSystemIOFileSystemInfoget_DisplayPath', ID = '954'
Method 'SystemVoidCosmosSystemPlugsSystemIODirectoryInfoImplCtorSystemStringCosmosSystemFileSystemListingDirectoryEntrySystemStringSystemString', ID = '957'
Method 'SystemStringCosmosCommonExtensionsByteConverterGetUtf8StringSystemBytearraySystemUInt32SystemUInt32', ID = '960'
Method 'SystemChararrayCosmosCorePlugsSystemStringImplToCharArray', ID = '962'
Method 'SystemStringarraySystemStringSplitInternalSystemChararraySystemInt32SystemStringSplitOptions', ID = '963'
Method 'SystemStringSystemArgumentExceptionget_Message', ID = '964'
Method 'SystemStringSystemStringInternalSubStringSystemInt32SystemInt32', ID = '965'
Method 'SystemGlobalizationCultureInfoCosmosIL2CPUPlugsSystemGlobalizationCultureInfoImplget_CurrentCulture', ID = '967'
Method 'SystemStringCosmosCorePlugsSystemStringImplToLowerSystemGlobalizationCultureInfo', ID = '968'
Method 'SystemVoidCocoaShellCocoashellcctor', ID = '970'
Method 'SystemVoidCocoaShellcpeditRunSystemString', ID = '971'
Method 'SystemVoidCocoaShellcpviewRun', ID = '972'
Method 'SystemVoidCocoaShellCocoashellHelpSystemString', ID = '974'
Method 'SystemBooleanCosmosSystemFileSystemVFSVFSManagerFileExistsSystemString', ID = '975'
Method 'SystemVoidSystemCollectionsGenericList1SystemStringctor', ID = '976'
Method 'SystemCollectionsGenericList1CosmosSystemFileSystemListingDirectoryEntryCosmosSystemFileSystemVFSVFSManagerGetDirectoryListingSystemString', ID = '977'
Method 'CosmosSystemFileSystemListingDirectoryEntrySystemCollectionsGenericList1CosmosSystemFileSystemListingDirectoryEntryget_ItemSystemInt32', ID = '978'
Method 'SystemVoidSystemCollectionsGenericList1SystemStringAddSystemString', ID = '979'
Method 'SystemStringarraySystemCollectionsGenericList1SystemStringToArray', ID = '980'
Method 'SystemVoidSystemArgumentExceptionctorSystemString', ID = '982'
Method 'SystemInt32SystemStringMakeSeparatorListSystemStringarraySystemInt32arraySystemInt32array', ID = '983'
Method 'SystemStringarraySystemStringInternalSplitOmitEmptyEntriesSystemInt32arraySystemInt32arraySystemInt32SystemInt32', ID = '984'
Method 'SystemStringarraySystemStringInternalSplitKeepEmptyEntriesSystemInt32arraySystemInt32arraySystemInt32SystemInt32', ID = '985'
Method 'SystemStringSystemArgumentOutOfRangeExceptionget_RangeMessage', ID = '986'
Method 'SystemTextEncoderFallbackSystemTextEncoderFallbackget_ExceptionFallback', ID = '987'
Method 'SystemTextDecoderFallbackSystemTextDecoderFallbackget_ExceptionFallback', ID = '988'
Method 'SystemVoidSystemTextEncoderReplacementFallbackctorSystemString', ID = '989'
Method 'SystemVoidSystemTextDecoderReplacementFallbackctorSystemString', ID = '990'
Method 'SystemVoidSystemTextEncoderFallbackctor', ID = '992'
Method 'SystemVoidSystemTextDecoderFallbackctor', ID = '995'
Method 'SystemVoidSystemBufferMemmoveSystemBytepointerSystemBytepointerSystemUInt32', ID = '999'
Method 'CosmosHALScanMapBaseCosmosHALKeyboardget_KeyLayout', ID = '1001'
Method 'SystemBooleanCosmosHALKeyboardget_ShiftPressed', ID = '1002'
Method 'CosmosHALKeyEventCosmosHALScanMapBaseConvertScanCodeSystemByteSystemBooleanSystemBooleanSystemBooleanSystemBooleanSystemBooleanSystemBoolean', ID = '1003'
Method 'SystemVoidSystemCollectionsGenericQueue1CosmosHALKeyEventEnqueueCosmosHALKeyEvent', ID = '1004'
Method 'SystemUInt32CosmosHALPCIDeviceGetAddressBaseSystemUInt32SystemUInt32SystemUInt32', ID = '1006'
Method 'SystemVoidCosmosCoreIOPortset_DWordSystemUInt32', ID = '1007'
Method 'SystemUInt32CosmosCoreIOPortget_DWord', ID = '1008'
Method 'SystemByteCosmosHALPCIDeviceget_ClassCode', ID = '1013'
Method 'SystemByteCosmosHALPCIDeviceget_Subclass', ID = '1014'
Method 'SystemByteCosmosHALPCIDeviceget_ProgIF', ID = '1015'
Method 'SystemStringSystemStringConcatArraySystemStringarraySystemInt32', ID = '1017'
Method 'SystemVoidSystemCollectionsGenericList1CosmosHALPCIDeviceEnsureCapacitySystemInt32', ID = '1018'
Method 'SystemVoidCosmosCorePlugsSystemArrayImplCopySystemArraySystemInt32SystemArraySystemInt32SystemInt32SystemBoolean', ID = '1019'
Method 'SystemVoidCosmosCorePlugsIOPortImplWrite16SystemUInt16SystemUInt16', ID = '1022'
Method 'SystemVoidSystemCollectionsGenericList1CosmosHALBlockDevicePartitioncctor', ID = '1024'
Method 'SystemVoidSystemCollectionsGenericList1CosmosSystemFileSystemFileSystemcctor', ID = '1025'
Method 'SystemVoidSystemCollectionsGenericList1CosmosHALBlockDevicePartitionEnsureCapacitySystemInt32', ID = '1026'
Method 'SystemBooleanCosmosSystemFileSystemFATFatFileSystemIsDeviceFatCosmosHALBlockDevicePartition', ID = '1029'
Method 'SystemVoidCosmosSystemFileSystemFileSystemctorCosmosHALBlockDevicePartitionSystemString', ID = '1031'
Method 'CosmosHALBlockDevicePartitionCosmosSystemFileSystemFileSystemget_mDevice', ID = '1032'
Method 'SystemBytearrayCosmosHALBlockDeviceBlockDeviceNewBlockArraySystemUInt32', ID = '1033'
Method 'SystemUInt16CosmosCommonExtensionsByteConverterToUInt16SystemBytearraySystemUInt64', ID = '1034'
Method 'SystemVoidCosmosSystemFileSystemFATFatFileSystemFatctorCosmosSystemFileSystemFATFatFileSystemSystemUInt64', ID = '1036'
Method 'SystemVoidSystemCollectionsGenericList1CosmosSystemFileSystemFileSystemEnsureCapacitySystemInt32', ID = '1037'
Method 'SystemVoidCosmosSystemFileSystemFATFatFileSystemDisplayFileSystemInfo', ID = '1038'
Method 'SystemVoidCosmosSystemPlugsSystemIODirectoryImplSetCurrentDirectorySystemString', ID = '1039'
Method 'SystemVoidSystemCollectionsGenericList1CosmosSystemFileSystemListingDirectoryEntryctor', ID = '1041'
Method 'CosmosSystemFileSystemListingDirectoryEntryCosmosSystemFileSystemCosmosVFSGetVolumeCosmosSystemFileSystemFileSystem', ID = '1042'
Method 'SystemVoidSystemCollectionsGenericList1CosmosSystemFileSystemListingDirectoryEntryAddCosmosSystemFileSystemListingDirectoryEntry', ID = '1043'
Method 'SystemStringChocolateSystemRingDateTimeget_MonthName', ID = '1044'
Method 'SystemInt32ChocolateSystemRingDateTimeget_Day', ID = '1045'
Method 'SystemInt32ChocolateSystemRingDateTimeget_Year', ID = '1046'
Method 'SystemInt32ChocolateSystemRingDateTimeget_Hour', ID = '1047'
Method 'SystemInt32ChocolateSystemRingDateTimeget_Minute', ID = '1048'
Method 'SystemInt32ChocolateSystemRingDateTimeget_Second', ID = '1049'
Method 'SystemVoidCosmosHALRTCcctor', ID = '1051'
Method 'SystemVoidSystemFormatExceptionctorSystemString', ID = '1053'
Method 'SystemInt32CosmosCommonStringHelperGetStringToNumberSystemString', ID = '1054'
Method 'SystemStringCosmosSystemPlugsSystemIOPathImplGetFullPathSystemString', ID = '1058'
Method 'SystemVoidSystemCollectionsGenericList1SystemCharcctor', ID = '1060'
Method 'SystemVoidSystemCollectionsGenericList1SystemCharset_CapacitySystemInt32', ID = '1061'
Method 'SystemInt32CosmosCorePlugsSystemStringImplCompareToSystemString', ID = '1062'
Method 'SystemVoidSystemIOStreamcctor', ID = '1063'
Method 'SystemVoidCosmosSystemPlugsSystemIOFileStreamImplCtorSystemStringSystemIOFileModeSystemIOStream', ID = '1066'
Method 'CosmosSystemFileSystemListingDirectoryEntryCosmosSystemFileSystemCosmosVFSCreateDirectorySystemString', ID = '1067'
Method 'SystemVoidSystemIOStreamDispose', ID = '1074'
Method 'SystemInt32SystemStringMakeSeparatorListSystemChararraySystemInt32array', ID = '1075'
Method 'SystemStringSystemGlobalizationCultureInfoToString', ID = '1077'
Method 'SystemStringCosmosCorePlugsSystemStringImplChangeCasingSystemStringSystemInt32SystemInt32SystemInt32', ID = '1079'
Method 'CosmosSystemFileSystemListingDirectoryEntryCosmosSystemFileSystemVFSVFSManagerGetFileSystemString', ID = '1085'
Method 'SystemVoidSystemCollectionsGenericList1SystemStringEnsureCapacitySystemInt32', ID = '1089'
Method 'SystemStringCosmosIL2CPUPlugsSystemEnvironmentImplGetResourceStringSystemStringSystemObjectarray', ID = '1090'
Method 'SystemInt32SystemStringCompareOrdinalSystemStringSystemInt32SystemStringSystemInt32SystemInt32', ID = '1092'
Method 'SystemStringSystemStringSubstringSystemInt32', ID = '1093'
Method 'SystemVoidSystemThreadingMonitorEnterSystemObjectSystemBoolean', ID = '1097'
Method 'SystemVoidSystemTextEncoderExceptionFallbackctor', ID = '1098'
Method 'SystemVoidSystemTextDecoderExceptionFallbackctor', ID = '1102'
Method 'SystemBooleanSystemCharIsSurrogateSystemStringSystemInt32', ID = '1104'
Method 'SystemBooleanSystemCharIsHighSurrogateSystemStringSystemInt32', ID = '1105'
Method 'SystemVoidSystemBuffer_MemmoveSystemBytepointerSystemBytepointerSystemUInt32', ID = '1107'
Method 'SystemVoidCosmosHALKeyEventctor', ID = '1108'
Method 'SystemConsoleModifiersCosmosHALKeyEventget_Modifiers', ID = '1109'
Method 'SystemVoidCosmosHALKeyEventset_ModifiersSystemConsoleModifiers', ID = '1110'
Method 'SystemVoidCosmosHALKeyEventset_TypeCosmosHALKeyEventKeyEventType', ID = '1111'
Method 'SystemInt32SystemCollectionsGenericList1CosmosHALKeyMappingget_Count', ID = '1112'
Method 'CosmosHALKeyMappingSystemCollectionsGenericList1CosmosHALKeyMappingget_ItemSystemInt32', ID = '1113'
Method 'SystemVoidCosmosHALKeyEventset_KeyCharSystemChar', ID = '1114'
Method 'SystemVoidCosmosHALKeyEventset_KeyCosmosHALConsoleKeyEx', ID = '1115'
Method 'SystemVoidSystemCollectionsGenericQueue1CosmosHALKeyEventSetCapacitySystemInt32', ID = '1116'
Method 'SystemVoidCosmosIL2CPUPlugsSystemOutOfMemoryExceptionImplCtor', ID = '1120'
Method 'SystemVoidSystemCollectionsGenericList1CosmosHALPCIDeviceset_CapacitySystemInt32', ID = '1121'
Method 'SystemVoidCosmosCorePlugsSystemStringImplCtorSystemChararraySystemInt32SystemInt32SystemStringSystemInt32SystemCharpointer', ID = '1123'
Method 'SystemByteCosmosHALTextScreenGetColor', ID = '1124'
Method 'SystemVoidSystemCollectionsGenericList1CosmosHALBlockDevicePartitionset_CapacitySystemInt32', ID = '1125'
Method 'SystemVoidSystemCollectionsGenericList1CosmosSystemFileSystemFileSystemset_CapacitySystemInt32', ID = '1126'
Method 'SystemVoidSystemCollectionsGenericList1CosmosSystemFileSystemListingDirectoryEntryEnsureCapacitySystemInt32', ID = '1128'
Method 'SystemInt32ChocolateSystemRingDateTimeget_Month', ID = '1129'
Method 'SystemStringCosmosCorePlugsSystemStringImplFormatSystemStringSystemObjectarray', ID = '1130'
Method 'SystemBooleanSystemStringIsNullOrWhiteSpaceSystemString', ID = '1133'
Method 'SystemBooleanCosmosSystemPlugsSystemCharImplIsDigitSystemChar', ID = '1134'
Method 'SystemStringCosmosSystemPlugsSystemIOPathImplNormalizePathSystemStringSystemBoolean', ID = '1137'
Method 'CosmosSystemFileSystemListingDirectoryEntryCosmosSystemFileSystemCosmosVFSGetDirectorySystemString', ID = '1138'
Method 'SystemVoidSystemIOStreamNullStreamctor', ID = '1139'
Method 'CosmosSystemFileSystemListingDirectoryEntryCosmosSystemFileSystemCosmosVFSCreateFileSystemString', ID = '1141'
Method 'SystemIOStreamCosmosSystemPlugsSystemIOFileStreamImplInitializeStreamSystemStringSystemIOFileMode', ID = '1144'
Method 'SystemStringSystemStringRemoveSystemInt32', ID = '1146'
Method 'CosmosSystemFileSystemFileSystemCosmosSystemFileSystemCosmosVFSGetFileSystemFromPathSystemString', ID = '1147'
Method 'SystemInt64CosmosSystemPlugsSystemIOFileStreamImplget_LengthSystemIOStream', ID = '1150'
Method 'SystemInt32CosmosSystemPlugsSystemIOFileStreamImplReadSystemBytearraySystemInt32SystemInt32SystemIOStream', ID = '1151'
Method 'SystemVoidSystemIOStreamClose', ID = '1152'
Method 'SystemVoidCosmosIL2CPUPlugsSystemGlobalizationCultureInfoImplCCtor', ID = '1154'
Method 'SystemVoidCocoaShellcpeditcctor', ID = '1155'
Method 'SystemVoidCosmosSystemPlugsSystemIOFileImplWriteAllTextSystemStringSystemString', ID = '1156'
Method 'SystemVoidSystemCollectionsGenericList1SystemStringcctor', ID = '1159'
Method 'SystemCollectionsGenericList1CosmosSystemFileSystemListingDirectoryEntryCosmosSystemFileSystemCosmosVFSGetDirectoryListingSystemString', ID = '1160'
Method 'SystemVoidSystemCollectionsGenericList1SystemStringset_CapacitySystemInt32', ID = '1161'
Method 'SystemObjectCosmosCorePlugsSystemTextEncoderFallbackImplget_InternalSyncObject', ID = '1163'
Method 'SystemVoidSystemThreadingMonitorThrowLockTakenException', ID = '1166'
Method 'SystemVoidCosmosSystemPlugsSystemThreadingMonitorImplExitSystemObject', ID = '1169'
Method 'SystemObjectCosmosCorePlugsSystemTextDecoderFallbackImplget_InternalSyncObject', ID = '1170'
Method 'SystemBooleanSystemCharIsSurrogateSystemChar', ID = '1172'
Method 'SystemBooleanSystemCharIsHighSurrogateSystemChar', ID = '1173'
Method 'SystemVoidCosmosCorePlugsIOPortImplWrite32SystemUInt16SystemUInt32', ID = '1177'
Method 'SystemUInt32CosmosCorePlugsIOPortImplRead32SystemUInt16', ID = '1178'
Method 'CosmosSystemFileSystemListingDirectoryEntryCosmosSystemFileSystemFATFatFileSystemGetRootDirectory', ID = '1180'
Method 'SystemVoidSystemCollectionsGenericList1CosmosSystemFileSystemListingDirectoryEntryset_CapacitySystemInt32', ID = '1181'
Method 'SystemVoidCosmosSystemPlugsSystemIOPathImplCctorSystemCharSystemCharSystemChar', ID = '1182'
Method 'SystemBooleanCosmosSystemPlugsSystemIOPathImplIsRelativeSystemString', ID = '1183'
Method 'SystemBooleanCosmosSystemPlugsSystemIOPathImplIsDirectorySeparatorSystemChar', ID = '1185'
Method 'CosmosSystemFileSystemListingDirectoryEntryCosmosSystemFileSystemCosmosVFSDoGetDirectoryEntrySystemStringCosmosSystemFileSystemFileSystem', ID = '1186'
Method 'SystemVoidSystemIOStreamctor', ID = '1188'
Method 'SystemIOStreamCosmosSystemFileSystemVFSVFSManagerGetFileStreamSystemString', ID = '1191'
Method 'SystemStringCosmosSystemPlugsSystemIOPathImplGetFileNameSystemString', ID = '1192'
Method 'CosmosSystemFileSystemListingDirectoryEntryCosmosSystemFileSystemFATFatFileSystemCreateDirectoryCosmosSystemFileSystemListingDirectoryEntrySystemString', ID = '1194'
Method 'SystemStringCosmosSystemPlugsSystemInt64ImplToString', ID = '1195'
Method 'SystemVoidSystemIOStreamDisposeSystemBoolean', ID = '1196'
Method 'SystemVoidSystemGCSuppressFinalizeSystemObject', ID = '1197'
Method 'SystemBooleanCosmosSystemPlugsSystemCharImplIsWhiteSpaceSystemChar', ID = '1198'
Method 'SystemBytearrayCosmosCommonExtensionsByteConverterGetUtf8BytesSystemStringSystemUInt32SystemUInt32', ID = '1199'
Method 'SystemStringCosmosCorePlugsSystemStringImplToUpper', ID = '1201'
Method 'SystemInt32CosmosCorePlugsSystemStringImplnativeCompareOrdinalExSystemStringSystemInt32SystemStringSystemInt32SystemInt32', ID = '1203'
Method 'SystemVoidCosmosSystemPlugsSystemThreadingMonitorImplReliableEnterSystemObjectSystemBoolean', ID = '1205'
Method 'SystemVoidCosmosCorePlugsSystemBufferImpl__MemmoveSystemBytepointerSystemBytepointerSystemUInt32', ID = '1208'
Method 'SystemVoidCosmosSystemFileSystemFATListingFatDirectoryEntryctorCosmosSystemFileSystemFATFatFileSystemCosmosSystemFileSystemFATListingFatDirectoryEntrySystemStringSystemStringSystemUInt32', ID = '1209'
Method 'SystemCharCosmosSystemFileSystemVFSVFSManagerGetAltDirectorySeparatorChar', ID = '1210'
Method 'SystemCharCosmosSystemFileSystemVFSVFSManagerGetVolumeSeparatorChar', ID = '1211'
Method 'SystemStringCosmosSystemPlugsSystemIODirectoryImplGetCurrentDirectory', ID = '1213'
Method 'SystemStringarrayCosmosSystemFileSystemVFSVFSManagerSplitPathSystemString', ID = '1215'
Method 'SystemInt64SystemIOStreamNullStreamget_Length', ID = '1216'
Method 'SystemInt32SystemIOStreamNullStreamReadSystemBytearraySystemInt32SystemInt32', ID = '1217'
Method 'SystemVoidSystemMarshalByRefObjectctor', ID = '1218'
Method 'CosmosSystemFileSystemListingDirectoryEntryCosmosSystemFileSystemCosmosVFSGetFileSystemString', ID = '1219'
Method 'CosmosSystemFileSystemListingDirectoryEntryCosmosSystemFileSystemFATFatFileSystemCreateFileCosmosSystemFileSystemListingDirectoryEntrySystemString', ID = '1220'
Method 'SystemVoidCosmosSystemPlugsSystemIOPathImplCheckInvalidPathCharsSystemStringSystemBoolean', ID = '1222'
Method 'SystemStringCosmosSystemPlugsSystemIOPathImplGetPathRootSystemString', ID = '1223'
Method 'CosmosSystemFileSystemFATListingFatDirectoryEntryCosmosSystemFileSystemFATListingFatDirectoryEntryAddDirectoryEntrySystemStringCosmosSystemFileSystemListingDirectoryEntryTypeEnum', ID = '1225'
Method 'SystemStringCosmosSystemPlugsSystemInt64Impl2GetNumberStringSystemInt64', ID = '1228'
Method 'SystemVoidSystemIOStreamNullStreamDisposeSystemBoolean', ID = '1230'
Method 'SystemVoidSystemIOStreamNullStreamWriteSystemBytearraySystemInt32SystemInt32', ID = '1234'
Method 'SystemCollectionsGenericList1CosmosSystemFileSystemListingDirectoryEntryCosmosSystemFileSystemFATFatFileSystemGetDirectoryListingCosmosSystemFileSystemListingDirectoryEntry', ID = '1235'
Method 'SystemInt32SystemMathMinSystemInt32SystemInt32', ID = '1236'
Method 'SystemVoidCosmosSystemFileSystemListingDirectoryEntryctorCosmosSystemFileSystemFileSystemCosmosSystemFileSystemListingDirectoryEntrySystemStringSystemStringSystemInt64CF93FD9EBFA1014BD1A29AA4B98F76139', ID = '1238'
Method 'SystemChararrayCosmosSystemFileSystemVFSVFSManagerGetDirectorySeparators', ID = '1239'
Method 'SystemIOStreamCosmosSystemFileSystemFATListingFatDirectoryEntryGetFileStream', ID = '1240'
Method 'SystemChararrayCosmosSystemFileSystemVFSVFSManagerGetRealInvalidPathChars', ID = '1241'
Method 'SystemInt32SystemStringIndexOfSystemChar', ID = '1242'
Method 'SystemInt32CosmosSystemPlugsSystemIOPathImplGetRootLengthSystemString', ID = '1243'
Method 'CosmosSystemFileSystemFATFatFileSystemFatCosmosSystemFileSystemFATFatFileSystemGetFatSystemInt32', ID = '1246'
Method 'SystemUInt32CosmosSystemFileSystemFATFatFileSystemFatGetNextUnallocatedFatEntry', ID = '1247'
Method 'SystemUInt32CosmosSystemFileSystemFATListingFatDirectoryEntryGetNextUnallocatedDirectoryEntry', ID = '1248'
Method 'SystemVoidCosmosSystemFileSystemFATListingFatDirectoryEntryctorCosmosSystemFileSystemFATFatFileSystemCosmosSystemFileSystemFATListingFatDirectoryEntrySystemStringSystemF1F0F3C3B2C9F29A1A436F08CC89B07B', ID = '1249'
Method 'SystemVoidCosmosSystemFileSystemFATListingFatDirectoryEntryAllocateDirectoryEntry', ID = '1250'
Method 'SystemVoidCosmosSystemPlugsSystemIOFileStreamImplDisposeSystemBooleanSystemIOStream', ID = '1252'
Method 'SystemVoidCosmosIL2CPUPlugsSystemGCImpl_SuppressFinalizeSystemObject', ID = '1253'
Method 'SystemVoidCosmosSystemPlugsSystemIOFileStreamImplWriteSystemBytearraySystemInt32SystemInt32SystemIOStream', ID = '1254'
Method 'SystemCollectionsGenericList1CosmosSystemFileSystemFATListingFatDirectoryEntryCosmosSystemFileSystemFATListingFatDirectoryEntryReadDirectoryContents', ID = '1255'
Method 'CosmosSystemFileSystemFATListingFatDirectoryEntrySystemCollectionsGenericList1CosmosSystemFileSystemFATListingFatDirectoryEntryget_ItemSystemInt32', ID = '1256'
Method 'SystemInt32SystemCollectionsGenericList1CosmosSystemFileSystemFATListingFatDirectoryEntryget_Count', ID = '1257'
Method 'SystemVoidCosmosSystemFileSystemFATFatStreamctorCosmosSystemFileSystemFATListingFatDirectoryEntry', ID = '1259'
Method 'SystemStringCosmosSystemPlugsSystemIOPathImplCombineSystemStringSystemString', ID = '1261'
Method 'SystemUInt32CosmosSystemFileSystemFATFatFileSystemFatGetFatEntrySizeInBytes', ID = '1262'
Method 'SystemVoidCosmosSystemFileSystemFATFatFileSystemFatGetFatEntrySystemUInt32SystemUInt32', ID = '1263'
Method 'SystemBooleanCosmosSystemFileSystemFATFatFileSystemFatFatEntryIsEofSystemUInt64', ID = '1264'
Method 'SystemBytearrayCosmosSystemFileSystemFATListingFatDirectoryEntryGetDirectoryEntryData', ID = '1265'
Method 'SystemVoidCosmosIL2CPUPlugsSystemRuntimeCompilerServicesRuntimeHelpersImplInitializeArraySystemArraySystemRuntimeFieldHandle', ID = '1268'
Method 'SystemVoidCosmosSystemFileSystemFATListingFatDirectoryEntrySetDirectoryEntryMetadataValueCosmosSystemFileSystemFATListingFatDirectoryEntryMetadataSystemString', ID = '1271'
Method 'SystemVoidCosmosSystemFileSystemFATListingFatDirectoryEntrySetDirectoryEntryMetadataValueCosmosSystemFileSystemFATListingFatDirectoryEntryMetadataSystemUInt32', ID = '1273'
Method 'SystemVoidCosmosSystemFileSystemFATListingFatDirectoryEntrySetDirectoryEntryDataSystemBytearray', ID = '1276'
Method 'SystemVoidSystemCollectionsGenericList1CosmosSystemFileSystemFATListingFatDirectoryEntryctor', ID = '1279'
Method 'SystemStringCosmosCommonExtensionsByteConverterGetUtf16StringSystemBytearraySystemUInt32SystemUInt32', ID = '1280'
Method 'SystemStringSystemStringTrim', ID = '1281'
Method 'SystemStringCosmosCommonExtensionsByteConverterGetAsciiStringSystemBytearraySystemUInt32SystemUInt32', ID = '1282'
Method 'SystemStringSystemStringTrimEndSystemChararray', ID = '1283'
Method 'SystemVoidSystemCollectionsGenericList1CosmosSystemFileSystemFATListingFatDirectoryEntryAddCosmosSystemFileSystemFATListingFatDirectoryEntry', ID = '1284'
Method 'SystemVoidSystemMathcctor', ID = '1285'
Method 'CosmosSystemFileSystemFATFatFileSystemCosmosSystemFileSystemFATListingFatDirectoryEntryGetFileSystem', ID = '1287'
Method 'SystemUInt32arrayCosmosSystemFileSystemFATListingFatDirectoryEntryGetFatTable', ID = '1288'
Method 'SystemInt32CosmosCorePlugsSystemStringImplIndexOfSystemCharSystemInt32SystemInt32', ID = '1289'
Method 'SystemStringCosmosSystemPlugsSystemIOPathImplCombineNoChecksSystemStringSystemString', ID = '1290'
Method 'SystemVoidSystemNotSupportedExceptionctorSystemString', ID = '1291'
Method 'SystemBytearrayCosmosSystemFileSystemFATFatFileSystemNewBlockArray', ID = '1292'
Method 'SystemVoidCosmosSystemFileSystemFATFatFileSystemFatReadFatSectorSystemUInt64SystemBytearray', ID = '1293'
Method 'SystemVoidCosmosSystemFileSystemFATFatFileSystemReadSystemInt64SystemBytearraySystemInt64SystemInt64', ID = '1294'
Method 'SystemVoidCosmosSystemFileSystemFATListingFatDirectoryEntryMetadatacctor', ID = '1298'
Method 'SystemVoidSystemArrayCopySystemArraySystemInt64SystemArraySystemInt64SystemInt64', ID = '1299'
Method 'SystemVoidCosmosCommonExtensionsByteConverterSetUInt32SystemBytearraySystemUInt64SystemUInt32', ID = '1300'
Method 'SystemVoidCosmosSystemFileSystemFATFatFileSystemWriteSystemInt64SystemBytearraySystemInt64SystemInt64', ID = '1301'
Method 'SystemVoidSystemCollectionsGenericList1CosmosSystemFileSystemFATListingFatDirectoryEntrycctor', ID = '1302'
Method 'SystemStringSystemStringTrimHelperSystemInt32', ID = '1304'
Method 'SystemStringSystemStringTrimHelperSystemChararraySystemInt32', ID = '1305'
Method 'SystemVoidSystemCollectionsGenericList1CosmosSystemFileSystemFATListingFatDirectoryEntryEnsureCapacitySystemInt32', ID = '1306'
Method 'SystemInt64CosmosSystemFileSystemFATFatStreamget_Length', ID = '1311'
Method 'SystemInt32CosmosSystemFileSystemFATFatStreamReadSystemBytearraySystemInt32SystemInt32', ID = '1312'
Method 'SystemVoidCosmosSystemFileSystemFATFatStreamWriteSystemBytearraySystemInt32SystemInt32', ID = '1313'
Method 'SystemUInt32arrayCosmosSystemFileSystemFATFatFileSystemFatGetFatChainSystemUInt32SystemInt64', ID = '1315'
Method 'SystemBooleanCosmosSystemPlugsSystemIOPathImplIsPathRootedSystemString', ID = '1316'
Method 'SystemVoidCosmosSystemFileSystemFATListingFatDirectoryEntryMetadatactorSystemUInt32SystemUInt32', ID = '1320'
Method 'SystemBooleanSystemStringIsBOMWhitespaceSystemChar', ID = '1330'
Method 'SystemStringSystemStringCreateTrimmedStringSystemInt32SystemInt32', ID = '1331'
Method 'SystemVoidSystemCollectionsGenericList1CosmosSystemFileSystemFATListingFatDirectoryEntryset_CapacitySystemInt32', ID = '1332'
Method 'SystemVoidSystemDoublecctor', ID = '1333'
Method 'SystemVoidSystemNullable1SystemInt32ctorSystemInt32', ID = '1336'
Method 'SystemInt32SystemNullable1SystemInt32GetValueOrDefault', ID = '1337'
Method 'SystemBooleanSystemNullable1SystemInt32get_HasValue', ID = '1338'
Method 'SystemVoidSystemArrayResizeSystemUInt32SystemUInt32arraySystemInt32', ID = '1340'
Method 'SystemVoidCosmosSystemFileSystemFATFatFileSystemFatSetFatEntrySystemUInt64SystemUInt64', ID = '1341'
Method 'SystemUInt64CosmosSystemFileSystemFATFatFileSystemFatFatEntryEofValue', ID = '1342'
Method 'SystemVoidCosmosHALBlockDeviceAtaPioWriteBlockSystemUInt64SystemUInt64SystemBytearray', ID = '1343'
Method 'SystemVoidCosmosHALBlockDevicePartitionWriteBlockSystemUInt64SystemUInt64SystemBytearray', ID = '1344'
Method 'SystemDoubleSystemBitConverterInt64BitsToDoubleSystemInt64', ID = '1345'
Method 'SystemStringCosmosSystemPlugsSystemDoubleImplToString', ID = '1347'
Method 'SystemStringSystemNullable1SystemInt32ToString', ID = '1348'
Method 'SystemVoidSystemIOStreamNullStreamSetLengthSystemInt64', ID = '1350'
Method 'SystemVoidCosmosSystemFileSystemFATFatStreamSetLengthSystemInt64', ID = '1351'
Method 'SystemVoidCosmosCommonExtensionsByteConverterSetUInt16SystemBytearraySystemUInt64SystemUInt16', ID = '1353'
Method 'SystemVoidCosmosSystemFileSystemFATFatFileSystemFatWriteFatSectorSystemUInt64SystemBytearray', ID = '1354'
Method 'SystemVoidCosmosCoreIOPortset_WordSystemUInt16', ID = '1355'
Method 'SystemInt64SystemBitConverterDoubleToInt64BitsSystemDouble', ID = '1359'
Method 'SystemVoidCosmosSystemPlugsSystemIOFileStreamImplSetLengthSystemInt64SystemIOStream', ID = '1360'
Method 'SystemVoidSystemBitConvertercctor', ID = '1362'
Method 'SystemVoidCosmosSystemFileSystemFATListingFatDirectoryEntrySetSizeSystemInt64', ID = '1363'
Method 'SystemVoidCosmosSystemFileSystemFATListingFatDirectoryEntrySetDirectoryEntryMetadataValueCosmosSystemFileSystemFATListingFatDirectoryEntryMetadataSystemInt64', ID = '1365'
