Method 'SystemVoidCosmosSystemKernelStart', ID = '0'
Method 'SystemBooleanSystemStringop_EqualitySystemStringSystemString', ID = '4'
Method 'SystemStringCosmosIL2CPUPlugsSystemEnvironmentImplGetResourceStringSystemString', ID = '6'
Method 'SystemStringCosmosIL2CPUPlugsSystemEnvironmentImplGetResourceFromDefaultSystemString', ID = '8'
Method 'SystemVoidSystemNotSupportedExceptionctorSystemString', ID = '13'
Method 'SystemVoidSystemNotImplementedExceptionctorSystemString', ID = '14'
Method 'SystemStringSystemStringConcatSystemStringSystemString', ID = '23'
Method 'SystemVoidCosmosCoreGlobalSystemInfoEnsureInitialized', ID = '39'
Method 'SystemUInt32CosmosCoreHeapMemAllocSystemUInt32', ID = '40'
Method 'SystemInt32CosmosCorePlugsSystemArrayImplGetLengthSystemInt32', ID = '41'
Method 'SystemBooleanCosmosCorePlugsSystemArrayImplTrySZIndexOfSystemUInt32pointerSystemUInt32SystemUInt32SystemUInt32SystemUInt32', ID = '44'
Method 'SystemVoidSystemArgumentNullExceptionctorSystemString', ID = '53'
Method 'SystemStringCosmosCorePlugsSystemStringImplFormatHelperSystemIFormatProviderSystemStringSystemObjectarray', ID = '54'
Method 'SystemStringSystemStringSubstringSystemInt32SystemInt32', ID = '58'
Method 'SystemInt32CosmosCorePlugsSystemStringImplboyerMooreHorsepoolSystemStringSystemString', ID = '59'
Method 'SystemBooleanCosmosCorePlugsSystemStringImplEndsWithSystemStringSystemStringComparison', ID = '60'
Method 'SystemStringSystemStringToLower', ID = '61'
Method 'SystemBooleanCosmosCorePlugsSystemStringImplEqualsHelperSystemStringSystemString', ID = '62'
Method 'SystemInt32CosmosCorePlugsSystemStringImplIndexOfSystemCharSystemInt32SystemInt32', ID = '65'
Method 'SystemStringSystemStringSubstringSystemInt32', ID = '66'
Method 'SystemStringSystemStringConcatSystemStringSystemStringSystemString', ID = '67'
Method 'SystemInt32CosmosCorePlugsSystemStringImplLastIndexOfAnySystemChararraySystemInt32SystemInt32', ID = '68'
Method 'SystemBooleanCosmosCorePlugsSystemStringImplCharArrayContainsCharSystemChararraySystemChar', ID = '69'
Method 'SystemVoidSystemArgumentOutOfRangeExceptionctorSystemString', ID = '70'
Method 'SystemInt32SystemMathMinSystemInt32SystemInt32', ID = '71'
Method 'SystemBooleanSystemStringop_InequalitySystemStringSystemString', ID = '72'
Method 'SystemStringCosmosCorePlugsSystemStringImplChangeCasingSystemStringSystemInt32SystemInt32SystemInt32', ID = '76'
Method 'SystemVoidSystemIOPathTooLongExceptionctor', ID = '81'
Method 'SystemBytearraySystemBitConverterGetBytesSystemSingle', ID = '94'
Method 'SystemInt32SystemBitConverterToInt32SystemBytearraySystemInt32', ID = '95'
Method 'SystemStringCosmosCommonStringHelperGetNumberStringSystemInt32', ID = '99'
Method 'SystemInt64SystemBitConverterDoubleToInt64BitsSystemDouble', ID = '105'
Method 'SystemVoidSystemNotImplementedExceptionctor', ID = '109'
Method 'SystemInt32SystemStringIndexOfSystemChar', ID = '111'
Method 'SystemVoidSystemFormatExceptionctor', ID = '115'
Method 'SystemStringCosmosSystemPlugsSystemInt64Impl2GetNumberStringSystemInt64', ID = '117'
Method 'SystemInt32SystemIntPtrop_ExplicitSystemIntPtr', ID = '120'
Method 'SystemDoubleCosmosSystemPlugsSystemRandomImplGetUniform', ID = '122'
Method 'CosmosSystemConsoleCosmosSystemPlugsSystemConsoleImplGetConsole', ID = '127'
Method 'SystemVoidCosmosSystemConsoleset_BackgroundSystemConsoleColor', ID = '128'
Method 'SystemVoidCosmosSystemPlugsSystemConsoleImplWriteLineSystemString', ID = '129'
Method 'SystemInt32CosmosSystemConsoleget_X', ID = '130'
Method 'SystemVoidCosmosSystemConsoleset_XSystemInt32', ID = '131'
Method 'SystemInt32CosmosSystemConsoleget_CursorSize', ID = '132'
Method 'SystemVoidCosmosSystemConsoleset_CursorSizeSystemInt32', ID = '133'
Method 'SystemInt32CosmosSystemConsoleget_Y', ID = '134'
Method 'SystemVoidCosmosSystemConsoleset_YSystemInt32', ID = '135'
Method 'SystemVoidCosmosSystemConsoleset_CursorVisibleSystemBoolean', ID = '136'
Method 'SystemVoidCosmosSystemConsoleset_ForegroundSystemConsoleColor', ID = '138'
Method 'SystemInt32CosmosSystemConsoleget_Rows', ID = '141'
Method 'SystemInt32CosmosSystemConsoleget_Cols', ID = '142'
Method 'SystemVoidCosmosSystemConsoleClear', ID = '143'
Method 'SystemBooleanCosmosHALKeyboardTryReadKeyCosmosHALKeyEvent', ID = '146'
Method 'SystemCharCosmosHALKeyEventget_KeyChar', ID = '147'
Method 'CosmosHALKeyEventCosmosHALKeyboardReadKey', ID = '149'
Method 'SystemVoidCosmosSystemPlugsSystemConsoleImplWriteSystemChar', ID = '150'
Method 'CosmosHALConsoleKeyExCosmosHALKeyEventget_Key', ID = '151'
Method 'SystemConsoleKeyCosmosHALConsoleKeyExExtensionsToConsoleKeyCosmosHALConsoleKeyEx', ID = '152'
Method 'SystemVoidSystemConsoleKeyInfoctorSystemCharSystemConsoleKeySystemBooleanSystemBooleanSystemBoolean', ID = '153'
Method 'SystemVoidSystemCollectionsGenericList1SystemCharctorSystemInt32', ID = '154'
Method 'SystemVoidSystemCollectionsGenericList1SystemCharRemoveAtSystemInt32', ID = '155'
Method 'SystemCharSystemCollectionsGenericList1SystemCharget_ItemSystemInt32', ID = '156'
Method 'SystemInt32SystemCollectionsGenericList1SystemCharget_Count', ID = '157'
Method 'SystemVoidSystemCollectionsGenericList1SystemCharAddSystemChar', ID = '158'
Method 'SystemVoidSystemCollectionsGenericList1SystemCharctor', ID = '159'
Method 'SystemVoidCosmosSystemPlugsSystemConsoleImplWriteLine', ID = '160'
Method 'SystemChararraySystemCollectionsGenericList1SystemCharToArray', ID = '161'
Method 'SystemStringSystemBooleanToString', ID = '162'
Method 'SystemVoidCosmosSystemPlugsSystemConsoleImplWriteSystemString', ID = '163'
Method 'SystemVoidCosmosSystemConsoleWriteCharSystemChar', ID = '164'
Method 'SystemVoidCosmosSystemPlugsSystemConsoleImplWriteSystemChararraySystemInt32SystemInt32', ID = '165'
Method 'SystemVoidCosmosSystemConsoleWriteSystemString', ID = '169'
Method 'SystemVoidSystemArgumentExceptionctor', ID = '171'
Method 'SystemVoidCosmosSystemConsoleNewLine', ID = '172'
Method 'SystemDoubleCosmosSystemPlugsSystemMathImplAsinSystemDouble', ID = '173'
Method 'SystemDoubleCosmosSystemPlugsSystemMathImplSqrtSystemDouble', ID = '174'
Method 'SystemDoubleCosmosSystemPlugsSystemMathImplAtanSystemDouble', ID = '175'
Method 'SystemDoubleCosmosSystemPlugsSystemMathImplatansSystemDouble', ID = '176'
Method 'SystemDoubleCosmosSystemPlugsSystemMathImplExpSystemDouble', ID = '177'
Method 'SystemDoubleCosmosSystemPlugsSystemMathImpl_powerSystemDoubleSystemInt32', ID = '178'
Method 'SystemDoubleCosmosSystemPlugsSystemMathImplLogSystemDoubleSystemDouble', ID = '179'
Method 'SystemDoubleCosmosSystemPlugsSystemMathImplFloorSystemDouble', ID = '180'
Method 'SystemDoubleCosmosSystemPlugsSystemMathImplLogSystemDouble', ID = '181'
Method 'SystemDoubleCosmosSystemPlugsSystemMathImplCosSystemDouble', ID = '184'
Method 'SystemDoubleCosmosSystemPlugsSystemMathImplTanhSystemDouble', ID = '185'
Method 'SystemDoubleCosmosSystemPlugsSystemMathImplexpm1SystemDouble', ID = '186'
Method 'SystemDoubleCosmosSystemPlugsSystemMathImplCeilingSystemDouble', ID = '187'
Method 'SystemStringCosmosCommonStringHelperGetNumberStringSystemUInt32', ID = '189'
Method 'SystemStringCosmosSystemPlugsSystemUInt64Impl2GetNumberStringSystemUInt64SystemBoolean', ID = '191'
Method 'SystemUInt32SystemUIntPtrop_ExplicitSystemUIntPtr', ID = '194'
Method 'SystemCharCosmosSystemFileSystemVFSVFSManagerGetAltDirectorySeparatorChar', ID = '195'
Method 'SystemCharCosmosSystemFileSystemVFSVFSManagerGetDirectorySeparatorChar', ID = '196'
Method 'SystemCharCosmosSystemFileSystemVFSVFSManagerGetVolumeSeparatorChar', ID = '197'
Method 'SystemVoidCosmosSystemPlugsSystemIOPathImplCheckInvalidPathCharsSystemStringSystemBoolean', ID = '198'
Method 'SystemStringCosmosSystemPlugsSystemIOPathImplCombineNoChecksSystemStringSystemString', ID = '203'
Method 'SystemBooleanCosmosSystemPlugsSystemIOPathImplIsPathRootedSystemString', ID = '204'
Method 'SystemStringCosmosSystemPlugsSystemIOPathImplGetFileNameSystemString', ID = '205'
Method 'SystemInt32SystemStringLastIndexOfSystemChar', ID = '206'
Method 'SystemStringCosmosSystemPlugsSystemIOPathImplNormalizePathSystemStringSystemBoolean', ID = '207'
Method 'SystemChararrayCosmosSystemFileSystemVFSVFSManagerGetInvalidFileNameChars', ID = '208'
Method 'SystemChararrayCosmosSystemFileSystemVFSVFSManagerGetRealInvalidPathChars', ID = '209'
Method 'SystemInt32CosmosSystemPlugsSystemIOPathImplGetRootLengthSystemString', ID = '210'
Method 'SystemStringSystemStringConcatSystemObjectSystemObject', ID = '211'
Method 'SystemChararrayCosmosSystemFileSystemVFSVFSManagerGetInvalidPathCharsWithAdditionalChecks', ID = '212'
Method 'SystemBooleanCosmosSystemPlugsSystemIOPathImplIsRelativeSystemString', ID = '214'
Method 'SystemBooleanCosmosSystemPlugsSystemIOPathImplIsDirectorySeparatorSystemChar', ID = '216'
Method 'SystemStringSystemStringRemoveSystemInt32', ID = '217'
Method 'SystemBooleanCosmosSystemFileSystemVFSVFSManagerDirectoryExistsSystemString', ID = '223'
Method 'SystemVoidSystemArgumentExceptionctorSystemStringSystemString', ID = '225'
Method 'CosmosSystemFileSystemListingDirectoryEntryCosmosSystemFileSystemVFSVFSManagerCreateDirectorySystemString', ID = '226'
Method 'SystemVoidSystemCollectionsGenericList1SystemStringctor', ID = '230'
Method 'SystemCollectionsGenericList1CosmosSystemFileSystemListingDirectoryEntryCosmosSystemFileSystemVFSVFSManagerGetDirectoryListingSystemString', ID = '231'
Method 'CosmosSystemFileSystemListingDirectoryEntrySystemCollectionsGenericList1CosmosSystemFileSystemListingDirectoryEntryget_ItemSystemInt32', ID = '232'
Method 'SystemVoidSystemCollectionsGenericList1SystemStringAddSystemString', ID = '234'
Method 'SystemInt32SystemCollectionsGenericList1CosmosSystemFileSystemListingDirectoryEntryget_Count', ID = '235'
Method 'SystemStringarraySystemCollectionsGenericList1SystemStringToArray', ID = '236'
Method 'SystemBooleanSystemStringIsNullOrEmptySystemString', ID = '238'
Method 'CosmosSystemFileSystemListingDirectoryEntryCosmosSystemFileSystemVFSVFSManagerGetDirectorySystemString', ID = '239'
Method 'SystemVoidSystemArgumentOutOfRangeExceptionctorSystemStringSystemString', ID = '244'
Method 'SystemBooleanCosmosSystemFileSystemVFSVFSManagerFileExistsSystemString', ID = '247'
Method 'SystemStringCosmosCommonExtensionsByteConverterGetUtf8StringSystemBytearraySystemUInt32SystemUInt32', ID = '251'
Method 'SystemBytearrayCosmosCommonExtensionsByteConverterGetUtf8BytesSystemStringSystemUInt32SystemUInt32', ID = '253'
Method 'SystemStringCosmosSystemPlugsSystemIOFileImplReadAllTextSystemString', ID = '255'
Method 'SystemStringSystemEnvironmentget_NewLine', ID = '256'
Method 'SystemStringarraySystemStringSplitSystemChararraySystemStringSplitOptions', ID = '257'
Method 'SystemVoidCosmosSystemPlugsSystemIOFileImplWriteAllTextSystemStringSystemString', ID = '258'
Method 'CosmosSystemFileSystemListingDirectoryEntryCosmosSystemFileSystemVFSVFSManagerCreateFileSystemString', ID = '260'
Method 'SystemIOStreamCosmosSystemPlugsSystemIOFileStreamImplInitializeStreamSystemStringSystemIOFileMode', ID = '264'
Method 'SystemVoidSystemIOStreamDispose', ID = '266'
Method 'SystemVoidCosmosIL2CPURuntimeEngineInitializeApplication', ID = '276'
Method 'SystemVoidCosmosIL2CPURuntimeEngineFinalizeApplicationSystemInt32', ID = '277'
Method 'SystemVoidCosmosIL2CPUVTablesImplSetMethodInfoSystemInt32SystemInt32SystemInt32SystemInt32SystemChararray', ID = '278'
Method 'SystemBooleanCosmosIL2CPUVTablesImplIsInstanceSystemUInt32SystemUInt32', ID = '279'
Method 'SystemVoidCosmosIL2CPUVTablesImplSetTypeInfoSystemInt32SystemUInt32SystemInt32arraySystemInt32arraySystemInt32', ID = '280'
Method 'SystemInt32CosmosIL2CPUVTablesImplGetMethodAddressForTypeSystemUInt32SystemUInt32', ID = '281'
Method 'SystemVoidCosmosIL2CPUExceptionHelperThrowNotImplementedSystemString', ID = '284'
Method 'SystemVoidCosmosIL2CPUExceptionHelperThrowOverflow', ID = '285'
Method 'SystemVoidSystemArrayctor', ID = '286'
Method 'SystemVoidSystemThrowHelperThrowInvalidOperationExceptionSystemExceptionResource', ID = '287'
Method 'SystemDelegatearraySystemMulticastDelegateGetInvocationList', ID = '288'
Method 'SystemVoidROSKernelctor', ID = '290'
Method 'SystemVoidCosmosDebugKernelDebuggerSendSystemString', ID = '294'
Method 'SystemVoidCosmosHALBootstrapInit', ID = '295'
Method 'CosmosHALTextScreenBaseCosmosSystemKernelGetTextScreen', ID = '296'
Method 'CosmosHALScanMapBaseCosmosSystemKernelGetKeyboardScanMap', ID = '297'
Method 'SystemVoidCosmosHALPS2KeyboardctorCosmosHALScanMapBase', ID = '298'
Method 'SystemVoidCosmosSystemGlobalInitCosmosHALTextScreenBaseCosmosHALKeyboard', ID = '299'
Method 'SystemVoidCosmosSystemKernelBeforeRun', ID = '300'
Method 'SystemVoidCosmosHALGlobalEnableInterrupts', ID = '301'
Method 'SystemVoidCosmosSystemKernelAfterRun', ID = '303'
Method 'SystemBooleanSystemStringEqualsSystemStringSystemString', ID = '304'
Method 'SystemStringCosmosCorePlugsSystemStringImplFormatSystemStringSystemObjectarray', ID = '306'
Method 'SystemVoidCosmosDebugKernelPlugsDebuggerDoSendSystemString', ID = '307'
Method 'SystemVoidSystemSystemExceptionctorSystemString', ID = '311'
Method 'SystemVoidSystemExceptionSetErrorCodeSystemInt32', ID = '312'
Method 'SystemVoidSystemBooleancctor', ID = '314'
Method 'SystemVoidSystemExceptioncctor', ID = '315'
Method 'SystemStringCosmosIL2CPUPlugsSystemExceptionImplget_MessageSystemString', ID = '316'
Method 'SystemVoidSystemStringFillStringCheckedSystemStringSystemInt32SystemString', ID = '318'
Method 'SystemUInt32CosmosCorePlugsGCImplementionImplAllocNewObjectSystemUInt32', ID = '322'
Method 'SystemUInt32CosmosCoreGlobalSystemInfoget_TotalDataLookupTableSize', ID = '327'
Method 'SystemBooleanCosmosCoreCPUDisableInterrupts', ID = '331'
Method 'SystemVoidCosmosCoreHeapEnsureIsInitialized', ID = '332'
Method 'CosmosCoreGlobalInformationTablepointerCosmosCoreGlobalSystemInfoget_GlobalInformationTable', ID = '334'
Method 'SystemBooleanCosmosCoreHeapScanDataLookupTableSystemUInt32CosmosCoreDataLookupTablepointerSystemUInt32SystemUInt32', ID = '335'
Method 'CosmosCoreDataLookupEntrypointerCosmosCoreDataLookupTableGetEntrySystemUInt32', ID = '338'
Method 'SystemVoidCosmosCoreHeapClearMemorySystemVoidpointerSystemUInt32', ID = '340'
Method 'SystemVoidCosmosCoreCPUEnableInterrupts', ID = '341'
Method 'SystemInt32CosmosCorePlugsSystemArrayImplget_Length', ID = '343'
Method 'SystemVoidCosmosCorePlugsSystemBufferImplBlockCopySystemArraySystemInt32SystemArraySystemInt32SystemInt32', ID = '345'
Method 'SystemCharCosmosCorePlugsSystemStringImplget_CharsSystemInt32SystemCharpointer', ID = '347'
Method 'SystemInt32CosmosCorePlugsSystemStringImplget_LengthSystemInt32', ID = '348'
Method 'SystemVoidSystemFormatExceptionctorSystemString', ID = '352'
Method 'SystemInt32CosmosCommonStringHelperGetStringToNumberSystemString', ID = '353'
Method 'SystemChararrayCosmosCorePlugsSystemStringImplToCharArray', ID = '355'
Method 'SystemVoidCosmosCorePlugsSystemStringImplCtorSystemChararraySystemStringSystemInt32SystemCharpointer', ID = '356'
Method 'SystemStringSystemStringInternalSubStringSystemInt32SystemInt32', ID = '357'
Method 'SystemInt32arrayCosmosCorePlugsSystemStringImplBuildBadCharTableSystemChararray', ID = '358'
Method 'SystemInt32CosmosCorePlugsSystemStringImplCompareToSystemString', ID = '361'
Method 'SystemInt32CosmosCorePlugsSystemStringImplIndexOfSystemStringSystemInt32SystemInt32SystemStringComparison', ID = '362'
Method 'SystemStringSystemArgumentOutOfRangeExceptionget_RangeMessage', ID = '364'
Method 'SystemInt32CosmosCorePlugsSystemStringImplIndexOfSystemString', ID = '366'
Method 'SystemStringCosmosCorePlugsSystemStringImplRemoveSystemInt32SystemInt32', ID = '367'
Method 'SystemStringCosmosCorePlugsSystemStringImplInsertSystemInt32SystemString', ID = '368'
Method 'SystemVoidCosmosIL2CPUPlugsSystemObjectImplCtor', ID = '369'
Method 'SystemVoidSystemIOIOExceptionctorSystemString', ID = '371'
Method 'SystemVoidCosmosCorePlugsSystemStringImplCtorSystemCharpointerSystemInt32SystemInt32SystemStringSystemInt32SystemCharpointer', ID = '372'
Method 'SystemVoidSystemDoublecctor', ID = '373'
Method 'SystemStringSystemGlobalizationCultureInfoToString', ID = '380'
Method 'SystemStringSystemIODirectoryInfoToString', ID = '388'
Method 'SystemStringSystemIODriveInfoToString', ID = '389'
Method 'SystemStringSystemSecurityCodeAccessPermissionToString', ID = '392'
Method 'SystemStringCosmosSystemPlugsSystemInt32ImplToString', ID = '393'
Method 'SystemBytearraySystemBitConverterGetBytesSystemInt32', ID = '395'
Method 'SystemVoidSystemThrowHelperThrowArgumentNullExceptionSystemExceptionArgument', ID = '396'
Method 'SystemVoidSystemThrowHelperThrowArgumentOutOfRangeExceptionSystemExceptionArgumentSystemExceptionResource', ID = '397'
Method 'SystemVoidSystemThrowHelperThrowArgumentExceptionSystemExceptionResource', ID = '398'
Method 'SystemStringCosmosSystemPlugsSystemUInt32ImplToString', ID = '400'
Method 'SystemStringCosmosSystemPlugsSystemCharImplToString', ID = '401'
Method 'SystemVoidCosmosIL2CPUPlugsSystemExceptionImplCtorSystemStringSystemString', ID = '403'
Method 'SystemStringCosmosSystemPlugsSystemInt64ImplToString', ID = '404'
Method 'SystemByteCosmosHALRTCget_Second', ID = '410'
Method 'SystemVoidCosmosSystemPlugsSystemConsoleImplcctor', ID = '411'
Method 'SystemConsoleColorCosmosSystemConsoleget_Foreground', ID = '415'
Method 'SystemVoidCosmosSystemConsoleUpdateCursor', ID = '417'
Method 'SystemStringSystemStringConcatSystemObjectSystemObjectSystemObject', ID = '419'
Method 'SystemVoidSystemArgumentOutOfRangeExceptionctorSystemStringSystemObjectSystemString', ID = '420'
Method 'SystemConsoleColorCosmosSystemConsoleget_Background', ID = '423'
Method 'SystemVoidCosmosHALGlobalcctor', ID = '427'
Method 'SystemInt32SystemCollectionsGenericQueue1CosmosHALKeyEventget_Count', ID = '431'
Method 'CosmosHALKeyEventSystemCollectionsGenericQueue1CosmosHALKeyEventDequeue', ID = '432'
Method 'CosmosCoreCPUCosmosCoreGlobalget_CPU', ID = '434'
Method 'SystemVoidSystemThrowHelperThrowArgumentOutOfRangeException', ID = '441'
Method 'SystemVoidSystemArrayCopySystemArraySystemInt32SystemArraySystemInt32SystemInt32', ID = '442'
Method 'SystemVoidSystemCollectionsGenericList1SystemCharEnsureCapacitySystemInt32', ID = '443'
Method 'SystemStringCosmosSystemPlugsSystemDoubleImplToString', ID = '445'
Method 'SystemStringCosmosSystemPlugsSystemSingleImplToString', ID = '446'
Method 'SystemStringCosmosIL2CPUPlugsSystemObjectImplToString', ID = '447'
Method 'SystemStringCosmosSystemPlugsSystemUInt64ImplToString', ID = '448'
Method 'SystemDoubleCosmosSystemPlugsSystemMathImplatanxSystemDouble', ID = '452'
Method 'SystemStringCosmosSystemPlugsSystemIOPathImplGetFullPathSystemString', ID = '459'
Method 'SystemStringCosmosSystemPlugsSystemIODirectoryImplGetCurrentDirectory', ID = '461'
Method 'SystemVoidCosmosSystemPlugsSystemIODirectoryImplcctor', ID = '463'
Method 'SystemVoidCosmosSystemPlugsSystemIODirectoryInfoImplCtorSystemStringCosmosSystemFileSystemListingDirectoryEntrySystemStringSystemString', ID = '466'
Method 'SystemStringCosmosSystemPlugsSystemIOPathImplGetDirectoryNameSystemString', ID = '467'
Method 'SystemVoidSystemCollectionsGenericList1SystemStringEnsureCapacitySystemInt32', ID = '472'
Method 'SystemIODirectoryInfoCosmosSystemPlugsSystemIODirectoryImplGetParentSystemString', ID = '474'
Method 'SystemStringCosmosSystemPlugsSystemIOPathImplGetPathRootSystemString', ID = '475'
Method 'CosmosSystemFileSystemListingDirectoryEntryCosmosSystemFileSystemVFSVFSManagerGetFileSystemString', ID = '476'
Method 'SystemVoidCosmosSystemPlugsSystemIOFileStreamImplCtorSystemStringSystemIOFileModeSystemIOStream', ID = '477'
Method 'SystemStringarraySystemStringSplitInternalSystemChararraySystemInt32SystemStringSplitOptions', ID = '487'
Method 'SystemVoidSystemArgumentExceptionctorSystemString', ID = '490'
Method 'SystemIOStreamCosmosSystemFileSystemVFSVFSManagerGetFileStreamSystemString', ID = '491'
Method 'SystemVoidSystemIOStreamClose', ID = '493'
Method 'SystemVoidSystemSecuritySecurityElementcctor', ID = '499'
Method 'SystemVoidCosmosIL2CPURuntimeEngineInitializeEngine', ID = '502'
Method 'SystemVoidCosmosIL2CPURuntimeEngineHeap_Initialize', ID = '503'
Method 'SystemVoidCosmosIL2CPURuntimeEngineFinalizeEngine', ID = '504'
Method 'SystemVoidCosmosIL2CPURuntimeEngineExitProcessSystemInt32', ID = '505'
Method 'SystemVoidCosmosIL2CPUVTablesImplDebugSystemString', ID = '509'
Method 'SystemVoidCosmosIL2CPUVTablesImplDebugHexSystemStringSystemUInt32', ID = '510'
Method 'SystemVoidCosmosIL2CPUVTablesImplDebugAndHaltSystemString', ID = '511'
Method 'SystemVoidCosmosCorePlugsGCImplementionImplIncRefCountSystemUInt32', ID = '512'
Method 'SystemVoidCosmosCorePlugsGCImplementionImplDecRefCountSystemUInt32', ID = '513'
Method 'SystemVoidSystemOverflowExceptionctorSystemString', ID = '515'
Method 'SystemStringSystemThrowHelperGetResourceNameSystemExceptionResource', ID = '518'
Method 'SystemVoidSystemInvalidOperationExceptionctorSystemString', ID = '519'
Method 'SystemDelegatearraySystemDelegateGetInvocationList', ID = '521'
Method 'SystemVoidCosmosSystemKernelctor', ID = '523'
Method 'SystemVoidCosmosSystemGlobalcctor', ID = '524'
Method 'SystemVoidCosmosCoreBootstrapInit', ID = '526'
Method 'SystemVoidCosmosSystemScanMapsUS_Standardctor', ID = '529'
Method 'SystemVoidCosmosHALKeyboardctorCosmosHALScanMapBase', ID = '534'
Method 'SystemVoidCosmosSystemConsolectorCosmosHALTextScreenBase', ID = '535'
Method 'SystemVoidCosmosHALGlobalInitCosmosHALTextScreenBaseCosmosHALKeyboard', ID = '536'
Method 'SystemVoidCosmosSystemGlobalset_NumLockSystemBoolean', ID = '537'
Method 'SystemVoidCosmosSystemGlobalset_CapsLockSystemBoolean', ID = '538'
Method 'SystemVoidCosmosSystemGlobalset_ScrollLockSystemBoolean', ID = '539'
Method 'SystemVoidROSKernelBeforeRun', ID = '540'
Method 'SystemVoidROSKernelRun', ID = '541'
Method 'SystemVoidCosmosSystemPlugsSystemTypeImplCCtor', ID = '544'
Method 'SystemVoidSystemExceptionset_HResultSystemInt32', ID = '545'
Method 'SystemStringCosmosCorePlugsSystemStringImplFastAllocateStringSystemInt32', ID = '550'
Method 'SystemVoidSystemIndexOutOfRangeExceptionctor', ID = '551'
Method 'SystemVoidSystemStringwstrcpySystemCharpointerSystemCharpointerSystemInt32', ID = '552'
Method 'SystemVoidCosmosIL2CPUPlugsSystemGlobalizationCultureInfoImplCCtor', ID = '553'
Method 'SystemUInt32CosmosCorePlugsCPUImplGetEndOfKernel', ID = '555'
Method 'SystemVoidCosmosCorePlugsCPUImplZeroFillSystemUInt32SystemUInt32', ID = '556'
Method 'SystemVoidCosmosDebugKernelPlugsDebuggerDoSendNumberSystemUInt32', ID = '557'
Method 'SystemVoidCosmosCoreHeapcctor', ID = '558'
Method 'SystemVoidCosmosCoreHeapDoInitializeSystemUInt32', ID = '563'
Method 'SystemVoidCosmosSystemPlugsSystemCharImplCctor', ID = '569'
Method 'SystemStringSystemArgumentExceptionget_Message', ID = '570'
Method 'SystemVoidCosmosCorePlugsSystemStringImplcctor', ID = '571'
Method 'SystemBooleanSystemStringIsNullOrWhiteSpaceSystemString', ID = '572'
Method 'SystemBooleanCosmosSystemPlugsSystemCharImplIsDigitSystemChar', ID = '573'
Method 'SystemGlobalizationCultureInfoCosmosIL2CPUPlugsSystemGlobalizationCultureInfoImplget_CurrentCulture', ID = '574'
Method 'SystemStringCosmosCorePlugsSystemStringImplToLowerSystemGlobalizationCultureInfo', ID = '575'
Method 'SystemStringSystemArgumentOutOfRangeExceptionget_Message', ID = '576'
Method 'SystemVoidSystemMathcctor', ID = '578'
Method 'SystemDoubleSystemBitConverterInt64BitsToDoubleSystemInt64', ID = '581'
Method 'SystemVoidCosmosSystemPlugsSystemEnumImplCctor', ID = '583'
Method 'SystemStringCosmosSystemPlugsSystemValueTypeImplToString', ID = '584'
Method 'SystemStringCosmosCorePlugsSystemStringImplToString', ID = '585'
Method 'SystemStringCosmosSystemPlugsSystemTypeImplToString', ID = '586'
Method 'SystemStringCosmosSystemPlugsSystemIntPtrImplToString', ID = '587'
Method 'SystemStringCosmosIL2CPUPlugsSystemExceptionImplToString', ID = '588'
Method 'SystemStringCosmosSystemPlugsSystemUInt16ImplToString', ID = '589'
Method 'SystemStringCosmosSystemPlugsSystemByteImplToString', ID = '590'
Method 'SystemStringCosmosSystemPlugsSystemEnumImplToString', ID = '591'
Method 'SystemStringCosmosSystemPlugsSystemInt16ImplToString', ID = '592'
Method 'SystemStringCosmosSystemPlugsSystemUIntPtrImplToString', ID = '593'
Method 'SystemStringCosmosSystemPlugsSystemNetIPAddressImplToString', ID = '594'
Method 'SystemStringCosmosSystemPlugsSystemNetSocketAddressImplToString', ID = '595'
Method 'SystemStringSystemIOFileSystemInfoget_DisplayPath', ID = '596'
Method 'SystemStringSystemIODriveInfoget_Name', ID = '597'
Method 'SystemStringCosmosSystemPlugsSystemIOFileInfoImplToString', ID = '598'
Method 'SystemStringCosmosSystemPlugsSystemSecuritySecurityElementImplToString', ID = '599'
Method 'SystemVoidSystemBitConvertercctor', ID = '602'
Method 'SystemStringSystemThrowHelperGetArgumentNameSystemExceptionArgument', ID = '604'
Method 'SystemBooleanSystemCompatibilitySwitchesget_IsAppEarlierThanWindowsPhone8', ID = '605'
Method 'SystemVoidCosmosCommonStringHelpercctor', ID = '608'
Method 'SystemVoidSystemConsolecctor', ID = '610'
Method 'SystemVoidCosmosHALRTCWaitForReady', ID = '612'
Method 'SystemVoidCosmosCoreIOPortset_ByteSystemByte', ID = '615'
Method 'SystemByteCosmosCoreIOPortget_Byte', ID = '617'
Method 'SystemByteCosmosHALRTCFromBCDSystemByte', ID = '618'
Method 'SystemVoidCosmosDebugKernelDebuggerctorSystemStringSystemString', ID = '621'
Method 'SystemVoidCosmosHALTextScreenctor', ID = '623'
Method 'SystemVoidCosmosCorePlugsCPUImplHalt', ID = '629'
Method 'SystemVoidSystemCollectionsGenericList1SystemCharcctor', ID = '630'
Method 'SystemVoidSystemCollectionsGenericList1SystemCharset_CapacitySystemInt32', ID = '632'
Method 'SystemVoidCosmosSystemPlugsSystemMathImplcctor', ID = '636'
Method 'SystemVoidCosmosCorePlugsSystemStringImplCtorSystemChararraySystemInt32SystemInt32SystemStringSystemInt32SystemCharpointer', ID = '637'
Method 'SystemVoidCosmosSystemPlugsSystemIOPathImplCctorSystemCharSystemCharSystemChar', ID = '638'
Method 'SystemInt32CosmosCorePlugsSystemStringImplLastIndexOfSystemCharSystemInt32SystemInt32', ID = '639'
Method 'SystemVoidCosmosSystemPlugsSystemNetIPAddressImplCCtor', ID = '640'
Method 'SystemVoidSystemCollectionsGenericList1SystemStringcctor', ID = '643'
Method 'SystemVoidSystemCollectionsGenericList1CosmosSystemFileSystemListingDirectoryEntrycctor', ID = '644'
Method 'SystemVoidSystemCollectionsGenericList1SystemStringset_CapacitySystemInt32', ID = '645'
Method 'SystemVoidSystemIOStreamcctor', ID = '648'
Method 'SystemInt64CosmosSystemPlugsSystemIOFileStreamImplget_LengthSystemIOStream', ID = '649'
Method 'SystemInt32CosmosSystemPlugsSystemIOFileStreamImplReadSystemBytearraySystemInt32SystemInt32SystemIOStream', ID = '650'
Method 'SystemVoidCosmosSystemPlugsSystemIOFileStreamImplWriteSystemBytearraySystemInt32SystemInt32SystemIOStream', ID = '651'
Method 'SystemInt32SystemStringMakeSeparatorListSystemChararraySystemInt32array', ID = '653'
Method 'SystemStringarraySystemStringInternalSplitOmitEmptyEntriesSystemInt32arraySystemInt32arraySystemInt32SystemInt32', ID = '654'
Method 'SystemStringarraySystemStringInternalSplitKeepEmptyEntriesSystemInt32arraySystemInt32arraySystemInt32SystemInt32', ID = '655'
Method 'SystemVoidCosmosSystemPlugsSystemIOFileStreamImplSetLengthSystemInt64SystemIOStream', ID = '657'
Method 'SystemVoidSystemIOStreamDisposeSystemBoolean', ID = '658'
Method 'SystemVoidSystemGCSuppressFinalizeSystemObject', ID = '659'
Method 'SystemInt64CosmosSystemPlugsSystemIOFileStreamImplSeekSystemIOStreamSystemInt64SystemIOSeekOrigin', ID = '660'
Method 'SystemVoidCosmosSystemPlugsSystemIOFileStreamImplFlushSystemIOStream', ID = '661'
Method 'SystemInt64CosmosSystemPlugsSystemIOFileStreamImplget_PositionSystemIOStream', ID = '662'
Method 'SystemVoidCosmosSystemPlugsSystemIOFileStreamImplset_PositionSystemIOStreamSystemInt64', ID = '663'
Method 'SystemVoidCosmosIL2CPUPlugsSystemRuntimeCompilerServicesRuntimeHelpersImplInitializeArraySystemArraySystemRuntimeFieldHandle', ID = '666'
Method 'SystemVoidCosmosIL2CPURuntimeEnginecctor', ID = '674'
Method 'SystemVoidCosmosIL2CPUVTablesImplcctor', ID = '675'
Method 'SystemVoidSystemArithmeticExceptionctorSystemString', ID = '678'
Method 'SystemVoidCosmosCoreINTsDummy', ID = '681'
Method 'SystemVoidCosmosCorePICctor', ID = '682'
Method 'SystemVoidCosmosHALScanMapBasector', ID = '687'
Method 'SystemVoidCosmosCoreGlobalcctor', ID = '688'
Method 'SystemVoidCosmosCoreBaseIOGroupscctor', ID = '689'
Method 'SystemVoidCosmosHALDevicector', ID = '690'
Method 'SystemVoidSystemCollectionsGenericQueue1CosmosHALKeyEventctor', ID = '691'
Method 'SystemVoidCosmosHALKeyboardSetKeyLayoutCosmosHALScanMapBase', ID = '692'
Method 'SystemVoidCosmosCoreGlobalInit', ID = '695'
Method 'SystemVoidCosmosHALGlobalInitStaticDevices', ID = '696'
Method 'SystemVoidCosmosHALGlobalInitPciDevices', ID = '697'
Method 'SystemVoidCosmosHALGlobalInitAtaCosmosHALBlockDeviceAtaControllerIdEnumCosmosHALBlockDeviceAtaBusPositionEnum', ID = '698'
Method 'SystemVoidCosmosHALGlobalset_NumLockSystemBoolean', ID = '699'
Method 'SystemVoidCosmosHALGlobalset_CapsLockSystemBoolean', ID = '700'
Method 'SystemVoidCosmosHALGlobalset_ScrollLockSystemBoolean', ID = '701'
Method 'SystemVoidCosmosSystemFileSystemCosmosVFSctor', ID = '702'
Method 'SystemVoidCosmosSystemFileSystemVFSVFSManagerRegisterVFSCosmosSystemFileSystemVFSVFSBase', ID = '703'
Method 'SystemStringROSKernelseperateSystemStringSystemInt32', ID = '708'
Method 'SystemStringROSKernelrseperateSystemStringSystemInt32SystemInt32', ID = '709'
Method 'SystemVoidCosmosSystemPowerReboot', ID = '713'
Method 'SystemVoidROSKernelechoSystemString', ID = '714'
Method 'SystemVoidSystemBufferMemcpySystemBytepointerSystemBytepointerSystemInt32', ID = '717'
Method 'SystemVoidCosmosCorePlugsCPUImplDoDisableInterrupts', ID = '720'
Method 'SystemUInt32CosmosCorePlugsCPUImplGetAmountOfRAM', ID = '721'
Method 'SystemVoidCosmosCorePlugsCPUImplDoEnableInterrupts', ID = '723'
Method 'SystemVoidSystemTextUnicodeEncodingctorSystemBooleanSystemBoolean', ID = '743'
Method 'SystemVoidCosmosHALRTCcctor', ID = '752'
Method 'SystemVoidCosmosDebugKernelDebuggerset_mRingSystemString', ID = '758'
Method 'SystemVoidCosmosDebugKernelDebuggerset_mSectionSystemString', ID = '759'
Method 'SystemVoidCosmosCoreIOGroupTextScreenctor', ID = '761'
Method 'SystemVoidCosmosHALTextScreenBasector', ID = '762'
Method 'SystemVoidSystemCollectionsGenericQueue1CosmosHALKeyEventcctor', ID = '765'
Method 'SystemVoidCosmosCoreBootstrapcctor', ID = '766'
Method 'SystemVoidCosmosCorePlugsSystemArrayImplCopySystemArraySystemInt32SystemArraySystemInt32SystemInt32SystemBoolean', ID = '767'
Method 'SystemStringCosmosCorePlugsSystemStringImplToUpper', ID = '770'
Method 'SystemVoidSystemIOStreamNullStreamctor', ID = '771'
Method 'SystemStringCosmosIL2CPUPlugsSystemEnvironmentImplGetResourceStringSystemStringSystemObjectarray', ID = '773'
Method 'SystemVoidCosmosCoreINTsHandleInterrupt_DefaultCosmosCoreINTsIRQContext', ID = '783'
Method 'SystemVoidCosmosCoreINTsHandleInterrupt_00CosmosCoreINTsIRQContext', ID = '784'
Method 'SystemVoidCosmosCoreINTsHandleInterrupt_01CosmosCoreINTsIRQContext', ID = '785'
Method 'SystemVoidCosmosCoreINTsHandleInterrupt_02CosmosCoreINTsIRQContext', ID = '786'
Method 'SystemVoidCosmosCoreINTsHandleInterrupt_03CosmosCoreINTsIRQContext', ID = '787'
Method 'SystemVoidCosmosCoreINTsHandleInterrupt_04CosmosCoreINTsIRQContext', ID = '788'
Method 'SystemVoidCosmosCoreINTsHandleInterrupt_05CosmosCoreINTsIRQContext', ID = '789'
Method 'SystemVoidCosmosCoreINTsHandleInterrupt_06CosmosCoreINTsIRQContext', ID = '790'
Method 'SystemVoidCosmosCoreINTsHandleInterrupt_07CosmosCoreINTsIRQContext', ID = '791'
Method 'SystemVoidCosmosCoreINTsHandleInterrupt_08CosmosCoreINTsIRQContext', ID = '792'
Method 'SystemVoidCosmosCoreINTsHandleInterrupt_09CosmosCoreINTsIRQContext', ID = '793'
Method 'SystemVoidCosmosCoreINTsHandleInterrupt_0ACosmosCoreINTsIRQContext', ID = '794'
Method 'SystemVoidCosmosCoreINTsHandleInterrupt_0BCosmosCoreINTsIRQContext', ID = '795'
Method 'SystemVoidCosmosCoreINTsHandleInterrupt_0CCosmosCoreINTsIRQContext', ID = '796'
Method 'SystemVoidCosmosCoreINTsHandleInterrupt_0DCosmosCoreINTsIRQContext', ID = '797'
Method 'SystemVoidCosmosCoreINTsHandleInterrupt_0ECosmosCoreINTsIRQContext', ID = '798'
Method 'SystemVoidCosmosCoreINTsHandleInterrupt_0FCosmosCoreINTsIRQContext', ID = '799'
Method 'SystemVoidCosmosCoreINTsHandleInterrupt_10CosmosCoreINTsIRQContext', ID = '800'
Method 'SystemVoidCosmosCoreINTsHandleInterrupt_11CosmosCoreINTsIRQContext', ID = '801'
Method 'SystemVoidCosmosCoreINTsHandleInterrupt_12CosmosCoreINTsIRQContext', ID = '802'
Method 'SystemVoidCosmosCoreINTsHandleInterrupt_13CosmosCoreINTsIRQContext', ID = '803'
Method 'SystemVoidCosmosCoreINTsHandleInterrupt_20CosmosCoreINTsIRQContext', ID = '804'
Method 'SystemVoidCosmosCoreINTsHandleInterrupt_21CosmosCoreINTsIRQContext', ID = '805'
Method 'SystemVoidCosmosCoreINTsHandleInterrupt_22CosmosCoreINTsIRQContext', ID = '806'
Method 'SystemVoidCosmosCoreINTsHandleInterrupt_23CosmosCoreINTsIRQContext', ID = '807'
Method 'SystemVoidCosmosCoreINTsHandleInterrupt_24CosmosCoreINTsIRQContext', ID = '808'
Method 'SystemVoidCosmosCoreINTsHandleInterrupt_25CosmosCoreINTsIRQContext', ID = '809'
Method 'SystemVoidCosmosCoreINTsHandleInterrupt_26CosmosCoreINTsIRQContext', ID = '810'
Method 'SystemVoidCosmosCoreINTsHandleInterrupt_27CosmosCoreINTsIRQContext', ID = '811'
Method 'SystemVoidCosmosCoreINTsHandleInterrupt_28CosmosCoreINTsIRQContext', ID = '812'
Method 'SystemVoidCosmosCoreINTsHandleInterrupt_29CosmosCoreINTsIRQContext', ID = '813'
Method 'SystemVoidCosmosCoreINTsHandleInterrupt_2ACosmosCoreINTsIRQContext', ID = '814'
Method 'SystemVoidCosmosCoreINTsHandleInterrupt_2BCosmosCoreINTsIRQContext', ID = '815'
Method 'SystemVoidCosmosCoreINTsHandleInterrupt_2CCosmosCoreINTsIRQContext', ID = '816'
Method 'SystemVoidCosmosCoreINTsHandleInterrupt_2DCosmosCoreINTsIRQContext', ID = '817'
Method 'SystemVoidCosmosCoreINTsHandleInterrupt_2ECosmosCoreINTsIRQContext', ID = '818'
Method 'SystemVoidCosmosCoreINTsHandleInterrupt_2FCosmosCoreINTsIRQContext', ID = '819'
Method 'SystemVoidCosmosCoreINTsHandleInterrupt_30CosmosCoreINTsIRQContext', ID = '820'
Method 'SystemVoidCosmosCoreINTsHandleInterrupt_35CosmosCoreINTsIRQContext', ID = '821'
Method 'SystemVoidCosmosCoreINTsHandleInterrupt_40CosmosCoreINTsIRQContext', ID = '822'
Method 'SystemVoidCosmosCoreINTsHandleInterrupt_41CosmosCoreINTsIRQContext', ID = '823'
Method 'SystemVoidCosmosCoreINTsHandleInterrupt_42CosmosCoreINTsIRQContext', ID = '824'
Method 'SystemVoidCosmosCoreINTsHandleInterrupt_43CosmosCoreINTsIRQContext', ID = '825'
Method 'SystemVoidCosmosCoreINTsHandleInterrupt_44CosmosCoreINTsIRQContext', ID = '826'
Method 'SystemVoidCosmosCoreINTsHandleInterrupt_45CosmosCoreINTsIRQContext', ID = '827'
Method 'SystemVoidCosmosCoreINTsHandleInterrupt_46CosmosCoreINTsIRQContext', ID = '828'
Method 'SystemVoidCosmosCoreINTsHandleInterrupt_47CosmosCoreINTsIRQContext', ID = '829'
Method 'SystemVoidCosmosCoreINTsHandleInterrupt_48CosmosCoreINTsIRQContext', ID = '830'
Method 'SystemVoidCosmosCoreINTsHandleInterrupt_49CosmosCoreINTsIRQContext', ID = '831'
Method 'SystemVoidCosmosCoreIOGroupPICctorSystemBoolean', ID = '833'
Method 'SystemVoidCosmosCorePICRemapSystemByteSystemByteSystemByteSystemByte', ID = '834'
Method 'SystemVoidCosmosCorePlugsCPUImplUpdateIDTSystemBoolean', ID = '835'
Method 'SystemVoidCosmosCorePlugsCPUImplInitFloat', ID = '836'
Method 'SystemVoidCosmosCoreBaseIOGroupsctor', ID = '838'
Method 'SystemVoidCosmosCoreIOGroupMousector', ID = '840'
Method 'SystemVoidCosmosCoreIOGroupPCSpeakerctor', ID = '842'
Method 'SystemVoidCosmosHALKeyboardset_KeyLayoutCosmosHALScanMapBase', ID = '845'
Method 'SystemVoidCosmosHALPS2KeyboardInitialize', ID = '846'
Method 'SystemVoidCosmosHALPS2KeyboardUpdateLeds', ID = '847'
Method 'SystemVoidCosmosHALPCISetup', ID = '848'
Method 'SystemVoidCosmosHALBlockDeviceAtaPioctorCosmosCoreIOGroupATACosmosHALBlockDeviceAtaControllerIdEnumCosmosHALBlockDeviceAtaBusPositionEnum', ID = '851'
Method 'CosmosHALBlockDeviceAtaPioSpecLevelCosmosHALBlockDeviceAtaPioget_DriveType', ID = '852'
Method 'SystemVoidSystemCollectionsGenericList1CosmosHALBlockDeviceBlockDeviceAddCosmosHALBlockDeviceBlockDevice', ID = '855'
Method 'SystemVoidCosmosHALBlockDeviceMBRctorSystemBytearray', ID = '859'
Method 'SystemVoidCosmosHALBlockDeviceEBRctorSystemBytearray', ID = '861'
Method 'SystemInt32SystemCollectionsGenericList1CosmosHALBlockDeviceEBRPartInfoget_Count', ID = '863'
Method 'SystemInt32SystemCollectionsGenericList1CosmosHALBlockDeviceMBRPartInfoget_Count', ID = '864'
Method 'CosmosHALBlockDeviceMBRPartInfoSystemCollectionsGenericList1CosmosHALBlockDeviceMBRPartInfoget_ItemSystemInt32', ID = '865'
Method 'SystemVoidCosmosHALBlockDevicePartitionctorCosmosHALBlockDeviceBlockDeviceSystemUInt64SystemUInt64', ID = '867'
Method 'SystemVoidCosmosSystemFileSystemVFSVFSBasector', ID = '872'
Method 'SystemVoidCosmosSystemFileSystemCosmosVFSInitialize', ID = '873'
Method 'SystemStringCosmosSystemPlugsSystemConsoleImplReadLine', ID = '874'
Method 'SystemStringarrayCosmosSystemPlugsSystemIODirectoryImplGetDirectoriesSystemString', ID = '875'
Method 'SystemStringarrayCosmosSystemPlugsSystemIODirectoryImplGetFilesSystemString', ID = '876'
Method 'SystemBooleanCosmosSystemPlugsSystemIODirectoryImplExistsSystemString', ID = '877'
Method 'SystemVoidCosmosSystemPlugsSystemIODirectoryImplSetCurrentDirectorySystemString', ID = '878'
Method 'SystemIODirectoryInfoCosmosSystemPlugsSystemIODirectoryImplCreateDirectorySystemString', ID = '879'
Method 'SystemVoidCosmosHALPowerReboot', ID = '881'
Method 'SystemVoidSystemBufferMemmoveSystemBytepointerSystemBytepointerSystemUInt32', ID = '882'
Method 'SystemBooleanCosmosSystemPlugsSystemCharImplIsWhiteSpaceSystemChar', ID = '883'
Method 'SystemSecuritySecurityElementCosmosSystemPlugsSystemSecurityPermissionsFileIOPermissionImplToXml', ID = '884'
Method 'SystemVoidSystemTextUnicodeEncodingctorSystemBooleanSystemBooleanSystemBoolean', ID = '886'
Method 'SystemVoidCosmosCoreIOGroupRTCctor', ID = '887'
Method 'SystemVoidCosmosCorePlugsIOPortImplWrite8SystemUInt16SystemByte', ID = '890'
Method 'SystemByteCosmosCorePlugsIOPortImplRead8SystemUInt16', ID = '891'
Method 'SystemVoidCosmosHALTextScreenSetColorsSystemConsoleColorSystemConsoleColor', ID = '892'
Method 'SystemInt32CosmosHALTextScreenGetCursorSize', ID = '893'
Method 'SystemVoidCosmosHALTextScreenSetCursorSizeSystemInt32', ID = '894'
Method 'SystemVoidCosmosHALTextScreenSetCursorVisibleSystemBoolean', ID = '895'
Method 'SystemUInt16CosmosHALTextScreenget_Rows', ID = '896'
Method 'SystemUInt16CosmosHALTextScreenget_Cols', ID = '897'
Method 'SystemVoidCosmosHALTextScreenClear', ID = '898'
Method 'SystemVoidCosmosHALTextScreenset_ItemSystemInt32SystemInt32SystemChar', ID = '899'
Method 'SystemVoidCosmosHALTextScreenScrollUp', ID = '900'
Method 'SystemByteCosmosHALTextScreenGetColor', ID = '901'
Method 'SystemVoidCosmosHALTextScreenSetCursorPosSystemInt32SystemInt32', ID = '902'
Method 'SystemVoidCosmosCoreMemoryBlockctorSystemUInt32SystemUInt32', ID = '903'
Method 'SystemVoidCosmosCoreIOPortctorSystemUInt16', ID = '904'
Method 'SystemVoidCosmosCoreIOGroupIOGroupctor', ID = '905'
Method 'SystemVoidCosmosCoreCPUctor', ID = '906'
Method 'SystemVoidSystemIOStreamctor', ID = '908'
Method 'SystemVoidCosmosSystemPlugsSystemIOFileStreamImplDisposeSystemBooleanSystemIOStream', ID = '909'
Method 'SystemVoidCosmosIL2CPUPlugsSystemGCImpl_SuppressFinalizeSystemObject', ID = '910'
Method 'SystemVoidCosmosCoreINTscctor', ID = '911'
Method 'CosmosCorePICCosmosCoreGlobalget_PIC', ID = '913'
Method 'SystemVoidCosmosCorePICEoiSlave', ID = '914'
Method 'SystemVoidCosmosCorePICEoiMaster', ID = '915'
Method 'SystemVoidCosmosCoreINTsHandleExceptionSystemUInt32SystemStringSystemStringCosmosCoreINTsIRQContextSystemUInt32', ID = '916'
Method 'SystemVoidCosmosCorePlugsSystemAssemblersDelegateImplInvoke', ID = '996'
Method 'SystemVoidCosmosCoreINTsIRQSystemUInt32CosmosCoreINTsIRQContext', ID = '920'
Method 'SystemVoidCosmosCoreIOPortWait', ID = '923'
Method 'SystemVoidCosmosSystemScanMapsUS_StandardInitKeys', ID = '924'
Method 'SystemVoidCosmosCoreIOGroupKeyboardctor', ID = '925'
Method 'SystemVoidCosmosCoreIOGroupPITctor', ID = '926'
Method 'SystemVoidCosmosCoreIOGroupATActorSystemBoolean', ID = '927'
Method 'SystemVoidCosmosCoreIOGroupVBEctor', ID = '928'
Method 'SystemVoidCosmosHALPS2KeyboardHandleIRQCosmosCoreINTsIRQContext', ID = '931'
Method 'SystemVoidCosmosCorePlugsSystemAssemblersDelegateImplCtorSystemObjectSystemIntPtr', ID = '1013'
Method 'SystemVoidCosmosCoreINTsSetIrqHandlerSystemByteCosmosCoreINTsIRQDelegate', ID = '933'
Method 'SystemVoidCosmosHALPCIEnumerateDevices', ID = '935'
Method 'SystemVoidCosmosHALBlockDeviceAtactor', ID = '938'
Method 'SystemVoidCosmosCoreIOPortWriteset_ByteSystemByte', ID = '939'
Method 'CosmosHALBlockDeviceAtaPioSpecLevelCosmosHALBlockDeviceAtaPioDiscoverDrive', ID = '940'
Method 'SystemVoidCosmosHALBlockDeviceAtaPioInitDrive', ID = '941'
Method 'SystemVoidCosmosHALBlockDeviceBlockDevicecctor', ID = '943'
Method 'SystemVoidSystemCollectionsGenericList1CosmosHALBlockDeviceBlockDeviceEnsureCapacitySystemInt32', ID = '945'
Method 'SystemVoidCosmosHALBlockDeviceAtacctor', ID = '946'
Method 'SystemStringCosmosHALBlockDeviceAtaToString', ID = '947'
Method 'SystemVoidCosmosHALBlockDeviceAtaPioReadBlockSystemUInt64SystemUInt64SystemBytearray', ID = '948'
Method 'SystemVoidSystemCollectionsGenericList1CosmosHALBlockDeviceMBRPartInfoctor', ID = '949'
Method 'SystemVoidCosmosHALBlockDeviceMBRParsePartitionSystemBytearraySystemUInt32', ID = '950'
Method 'SystemVoidSystemCollectionsGenericList1CosmosHALBlockDeviceEBRPartInfoctor', ID = '951'
Method 'SystemVoidCosmosHALBlockDeviceEBRParsePartitionSystemBytearraySystemUInt32', ID = '952'
Method 'SystemVoidCosmosHALBlockDeviceBlockDevicector', ID = '956'
Method 'SystemUInt64CosmosHALBlockDeviceBlockDeviceget_BlockSize', ID = '957'
Method 'CosmosSystemFileSystemListingDirectoryEntryCosmosSystemFileSystemCosmosVFSCreateDirectorySystemString', ID = '958'
Method 'SystemCollectionsGenericList1CosmosSystemFileSystemListingDirectoryEntryCosmosSystemFileSystemCosmosVFSGetDirectoryListingSystemString', ID = '959'
Method 'CosmosSystemFileSystemListingDirectoryEntryCosmosSystemFileSystemCosmosVFSGetDirectorySystemString', ID = '960'
Method 'CosmosSystemFileSystemListingDirectoryEntryCosmosSystemFileSystemCosmosVFSCreateFileSystemString', ID = '961'
Method 'SystemVoidSystemCollectionsGenericList1CosmosHALBlockDevicePartitionctor', ID = '962'
Method 'SystemVoidSystemCollectionsGenericList1CosmosSystemFileSystemFileSystemctor', ID = '963'
Method 'SystemVoidCosmosSystemFileSystemCosmosVFSInitializePartitions', ID = '964'
Method 'SystemInt32SystemCollectionsGenericList1CosmosHALBlockDevicePartitionget_Count', ID = '965'
Method 'SystemVoidCosmosSystemFileSystemCosmosVFSInitializeFileSystems', ID = '966'
Method 'SystemVoidCosmosCoreCPUReboot', ID = '968'
Method 'SystemVoidSystemBuffer_MemmoveSystemBytepointerSystemBytepointerSystemUInt32', ID = '969'
Method 'SystemVoidSystemTextEncodingctorSystemInt32', ID = '971'
Method 'SystemVoidSystemTextEncodingSetDefaultFallbacks', ID = '972'
Method 'SystemVoidCosmosCoreMemoryBlockFillSystemUInt16', ID = '974'
Method 'SystemVoidCosmosCoreMemoryBlock08set_ItemSystemUInt32SystemByte', ID = '975'
Method 'SystemVoidCosmosCoreMemoryBlockMoveDownSystemUInt32SystemUInt32SystemUInt32', ID = '976'
Method 'SystemVoidCosmosCoreMemoryBlockFillSystemUInt32SystemUInt32SystemUInt16', ID = '977'
Method 'SystemVoidCosmosCoreMemoryBlock08ctorSystemUInt32SystemUInt32', ID = '978'
Method 'SystemVoidCosmosCoreMemoryBlock16ctorSystemUInt32SystemUInt32', ID = '979'
Method 'SystemVoidCosmosCoreMemoryBlock32ctorSystemUInt32SystemUInt32', ID = '980'
Method 'SystemVoidCosmosCoreIOPortBasectorSystemUInt16', ID = '981'
Method 'SystemInt64SystemIOStreamNullStreamget_Length', ID = '982'
Method 'SystemInt32SystemIOStreamNullStreamReadSystemBytearraySystemInt32SystemInt32', ID = '983'
Method 'SystemVoidSystemIOStreamNullStreamWriteSystemBytearraySystemInt32SystemInt32', ID = '984'
Method 'SystemVoidSystemIOStreamNullStreamSetLengthSystemInt64', ID = '985'
Method 'SystemInt64SystemIOStreamNullStreamSeekSystemInt64SystemIOSeekOrigin', ID = '986'
Method 'SystemVoidSystemIOStreamNullStreamFlush', ID = '987'
Method 'SystemInt64SystemIOStreamNullStreamget_Position', ID = '988'
Method 'SystemVoidSystemIOStreamNullStreamset_PositionSystemInt64', ID = '989'
Method 'SystemVoidSystemMarshalByRefObjectctor', ID = '990'
Method 'SystemVoidCosmosCoreINTsPutErrorCharSystemInt32SystemInt32SystemChar', ID = '994'
Method 'SystemVoidCosmosCoreINTsPutErrorStringSystemInt32SystemInt32SystemString', ID = '995'
Method 'SystemVoidSystemCollectionsGenericList1CosmosHALKeyMappingctorSystemInt32', ID = '997'
Method 'SystemVoidCosmosHALKeyMappingctorSystemUInt32CosmosHALConsoleKeyEx', ID = '998'
Method 'SystemVoidSystemCollectionsGenericList1CosmosHALKeyMappingAddCosmosHALKeyMapping', ID = '999'
Method 'SystemVoidCosmosHALKeyMappingctorSystemUInt32SystemCharSystemCharSystemCharSystemCharSystemCharSystemCharCosmosHALConsoleKeyEx', ID = '1000'
Method 'SystemVoidCosmosHALKeyMappingctorSystemUInt32SystemCharCosmosHALConsoleKeyEx', ID = '1001'
Method 'SystemVoidCosmosHALKeyMappingctorSystemUInt32SystemCharSystemCharSystemCharSystemCharSystemCharSystemCharCosmosHALConsoleKeyExCosmosHALConsoleKeyEx', ID = '1002'
Method 'SystemVoidCosmosCoreIOPortWritectorSystemUInt16', ID = '1005'
Method 'SystemUInt16CosmosCoreIOGroupATAGetBAR0SystemBoolean', ID = '1006'
Method 'SystemUInt16CosmosCoreIOGroupATAGetBAR1SystemBoolean', ID = '1007'
Method 'SystemVoidCosmosCoreIOPortWritectorSystemUInt16SystemUInt16', ID = '1008'
Method 'SystemVoidCosmosCoreIOPortctorSystemUInt16SystemUInt16', ID = '1009'
Method 'SystemVoidCosmosCoreIOPortReadctorSystemUInt16SystemUInt16', ID = '1010'
Method 'SystemVoidCosmosCoreINTsSetIntHandlerSystemByteCosmosCoreINTsIRQDelegate', ID = '1014'
Method 'SystemVoidCosmosHALPCIcctor', ID = '1015'
Method 'SystemVoidSystemCollectionsGenericList1CosmosHALPCIDevicector', ID = '1016'
Method 'SystemVoidCosmosHALPCIEnumerateBusSystemUInt32SystemUInt32', ID = '1018'
Method 'SystemVoidCosmosHALBlockDeviceAtaPiocctor', ID = '1019'
Method 'SystemStringCosmosHALBlockDeviceAtaPioToString', ID = '1020'
Method 'SystemVoidCosmosHALBlockDeviceAtaPioSelectDriveSystemByte', ID = '1022'
Method 'CosmosHALBlockDeviceAtaPioStatusCosmosHALBlockDeviceAtaPioSendCmdCosmosHALBlockDeviceAtaPioCmdSystemBoolean', ID = '1023'
Method 'CosmosHALBlockDeviceAtaPioStatusCosmosHALBlockDeviceAtaPioSendCmdCosmosHALBlockDeviceAtaPioCmd', ID = '1024'
Method 'SystemVoidCosmosCoreIOPortBaseRead16SystemUInt16array', ID = '1025'
Method 'SystemStringCosmosHALBlockDeviceAtaPioGetStringSystemUInt16arraySystemInt32SystemInt32', ID = '1026'
Method 'SystemVoidSystemCollectionsGenericList1CosmosHALBlockDeviceBlockDevicector', ID = '1027'
Method 'SystemVoidSystemCollectionsGenericList1CosmosHALBlockDeviceBlockDevicecctor', ID = '1028'
Method 'SystemVoidSystemCollectionsGenericList1CosmosHALBlockDeviceBlockDeviceset_CapacitySystemInt32', ID = '1029'
Method 'SystemVoidCosmosHALBlockDeviceBlockDeviceCheckDataSizeSystemBytearraySystemUInt64', ID = '1030'
Method 'SystemVoidCosmosHALBlockDeviceAtaPioSelectSectorSystemUInt64SystemUInt64', ID = '1031'
Method 'SystemVoidCosmosCoreIOPortBaseRead8SystemBytearray', ID = '1032'
Method 'SystemUInt32CosmosCommonExtensionsByteConverterToUInt32SystemBytearraySystemUInt64', ID = '1034'
Method 'SystemVoidCosmosHALBlockDeviceMBRPartInfoctorSystemByteSystemUInt32SystemUInt32', ID = '1035'
Method 'SystemVoidSystemCollectionsGenericList1CosmosHALBlockDeviceMBRPartInfoAddCosmosHALBlockDeviceMBRPartInfo', ID = '1036'
Method 'SystemVoidCosmosHALBlockDeviceEBRPartInfoctorSystemByteSystemUInt32SystemUInt32', ID = '1038'
Method 'SystemVoidSystemCollectionsGenericList1CosmosHALBlockDeviceEBRPartInfoAddCosmosHALBlockDeviceEBRPartInfo', ID = '1039'
Method 'SystemVoidSystemCollectionsGenericList1CosmosHALBlockDeviceEBRPartInfocctor', ID = '1040'
Method 'SystemVoidSystemCollectionsGenericList1CosmosHALBlockDeviceMBRPartInfocctor', ID = '1041'
Method 'SystemStringCosmosHALBlockDevicePartitionToString', ID = '1042'
Method 'SystemVoidCosmosHALBlockDevicePartitionReadBlockSystemUInt64SystemUInt64SystemBytearray', ID = '1043'
Method 'CosmosSystemFileSystemFileSystemCosmosSystemFileSystemCosmosVFSGetFileSystemFromPathSystemString', ID = '1044'
Method 'CosmosSystemFileSystemListingDirectoryEntryCosmosSystemFileSystemCosmosVFSDoGetDirectoryEntrySystemStringCosmosSystemFileSystemFileSystem', ID = '1046'
Method 'CosmosHALBlockDeviceBlockDeviceSystemCollectionsGenericList1CosmosHALBlockDeviceBlockDeviceget_ItemSystemInt32', ID = '1055'
Method 'SystemVoidSystemCollectionsGenericList1CosmosHALBlockDevicePartitionAddCosmosHALBlockDevicePartition', ID = '1056'
Method 'SystemInt32SystemCollectionsGenericList1CosmosHALBlockDeviceBlockDeviceget_Count', ID = '1057'
Method 'CosmosHALBlockDevicePartitionSystemCollectionsGenericList1CosmosHALBlockDevicePartitionget_ItemSystemInt32', ID = '1058'
Method 'SystemUInt64CosmosHALBlockDeviceBlockDeviceget_BlockCount', ID = '1059'
Method 'SystemCharCosmosSystemFileSystemVFSVFSBaseget_VolumeSeparatorChar', ID = '1060'
Method 'SystemCharCosmosSystemFileSystemVFSVFSBaseget_DirectorySeparatorChar', ID = '1061'
Method 'CosmosSystemFileSystemFileSystemTypeCosmosSystemFileSystemFileSystemGetFileSystemTypeCosmosHALBlockDevicePartition', ID = '1062'
Method 'SystemVoidCosmosSystemFileSystemFATFatFileSystemctorCosmosHALBlockDevicePartitionSystemString', ID = '1063'
Method 'SystemVoidSystemCollectionsGenericList1CosmosSystemFileSystemFileSystemAddCosmosSystemFileSystemFileSystem', ID = '1064'
Method 'SystemInt32SystemCollectionsGenericList1CosmosSystemFileSystemFileSystemget_Count', ID = '1065'
Method 'CosmosSystemFileSystemFileSystemSystemCollectionsGenericList1CosmosSystemFileSystemFileSystemget_ItemSystemInt32', ID = '1066'
Method 'SystemStringCosmosSystemFileSystemFileSystemget_mRootPath', ID = '1067'
Method 'SystemVoidSystemTextUnicodeEncodingSetDefaultFallbacks', ID = '1070'
Method 'SystemVoidSystemTextInternalEncoderBestFitFallbackctorSystemTextEncoding', ID = '1071'
Method 'SystemVoidSystemTextInternalDecoderBestFitFallbackctorSystemTextEncoding', ID = '1072'
Method 'SystemVoidSystemCollectionsGenericList1CosmosHALKeyMappingEnsureCapacitySystemInt32', ID = '1080'
Method 'SystemVoidCosmosCoreIOPortBasectorSystemUInt16SystemUInt16', ID = '1081'
Method 'SystemVoidCosmosHALPS2KeyboardHandleScancodeSystemByteSystemBoolean', ID = '1083'
Method 'SystemVoidCosmosHALPCIDevicectorSystemUInt32SystemUInt32SystemUInt32', ID = '1087'
Method 'SystemBooleanCosmosHALPCIDeviceget_DeviceExists', ID = '1088'
Method 'CosmosHALPCIDevicePCIHeaderTypeCosmosHALPCIDeviceget_HeaderType', ID = '1089'
Method 'SystemVoidCosmosHALPCIDeviceBridgectorSystemUInt32SystemUInt32SystemUInt32', ID = '1090'
Method 'SystemVoidCosmosHALPCIAddDeviceCosmosHALPCIDeviceSystemUInt32', ID = '1091'
Method 'SystemVoidCosmosHALPCIDeviceCardbusctorSystemUInt32SystemUInt32SystemUInt32', ID = '1092'
Method 'SystemVoidCosmosHALPCIDeviceNormalctorSystemUInt32SystemUInt32SystemUInt32', ID = '1093'
Method 'SystemVoidCosmosHALBlockDeviceAtaPioWait', ID = '1095'
Method 'SystemByteCosmosCoreIOPortReadget_Byte', ID = '1098'
Method 'SystemVoidCosmosHALBlockDeviceAtaPioDebugSystemString', ID = '1099'
Method 'SystemVoidCosmosHALBlockDeviceAtaPioDebugHexSystemStringSystemUInt32', ID = '1100'
Method 'SystemVoidCosmosHALBlockDeviceBlockDeviceCheckBlockNoSystemUInt64SystemUInt64', ID = '1104'
Method 'SystemVoidCosmosCoreIOPortWriteset_WordSystemUInt16', ID = '1105'
Method 'SystemVoidSystemCollectionsGenericList1CosmosHALBlockDeviceMBRPartInfoEnsureCapacitySystemInt32', ID = '1106'
Method 'SystemVoidSystemCollectionsGenericList1CosmosHALBlockDeviceEBRPartInfoEnsureCapacitySystemInt32', ID = '1108'
Method 'SystemStringarrayCosmosSystemFileSystemVFSVFSManagerSplitPathSystemString', ID = '1110'
Method 'CosmosSystemFileSystemListingDirectoryEntryCosmosSystemFileSystemCosmosVFSGetVolumeCosmosSystemFileSystemFileSystem', ID = '1111'
Method 'SystemBooleanCosmosSystemPlugsSystemIOFileImplExistsSystemString', ID = '1113'
Method 'CosmosSystemFileSystemListingDirectoryEntryCosmosSystemFileSystemCosmosVFSGetFileSystemString', ID = '1114'
Method 'SystemVoidSystemCollectionsGenericList1CosmosHALBlockDevicePartitioncctor', ID = '1115'
Method 'SystemVoidSystemCollectionsGenericList1CosmosSystemFileSystemFileSystemcctor', ID = '1116'
Method 'SystemVoidSystemCollectionsGenericList1CosmosHALBlockDevicePartitionEnsureCapacitySystemInt32', ID = '1117'
Method 'SystemBooleanCosmosSystemFileSystemFATFatFileSystemIsDeviceFatCosmosHALBlockDevicePartition', ID = '1119'
Method 'SystemVoidCosmosSystemFileSystemFileSystemctorCosmosHALBlockDevicePartitionSystemString', ID = '1121'
Method 'CosmosHALBlockDevicePartitionCosmosSystemFileSystemFileSystemget_mDevice', ID = '1122'
Method 'SystemBytearrayCosmosHALBlockDeviceBlockDeviceNewBlockArraySystemUInt32', ID = '1123'
Method 'SystemUInt16CosmosCommonExtensionsByteConverterToUInt16SystemBytearraySystemUInt64', ID = '1124'
Method 'SystemVoidCosmosSystemFileSystemFATFatFileSystemFatctorCosmosSystemFileSystemFATFatFileSystemSystemUInt64', ID = '1126'
Method 'SystemVoidSystemCollectionsGenericList1CosmosSystemFileSystemFileSystemEnsureCapacitySystemInt32', ID = '1127'
Method 'SystemVoidCosmosSystemFileSystemFATFatFileSystemDisplayFileSystemInfo', ID = '1128'
Method 'SystemVoidCosmosCorePlugsSystemBufferImpl__MemmoveSystemBytepointerSystemBytepointerSystemUInt32', ID = '1129'
Method 'SystemTextEncoderFallbackSystemTextEncoderFallbackget_ExceptionFallback', ID = '1130'
Method 'SystemTextDecoderFallbackSystemTextDecoderFallbackget_ExceptionFallback', ID = '1131'
Method 'SystemVoidSystemTextEncoderReplacementFallbackctorSystemString', ID = '1132'
Method 'SystemVoidSystemTextDecoderReplacementFallbackctorSystemString', ID = '1133'
Method 'SystemVoidSystemTextEncoderFallbackctor', ID = '1135'
Method 'SystemVoidSystemTextDecoderFallbackctor', ID = '1138'
Method 'SystemVoidSystemCollectionsGenericList1CosmosHALKeyMappingcctor', ID = '1140'
Method 'SystemVoidSystemCollectionsGenericList1CosmosHALKeyMappingset_CapacitySystemInt32', ID = '1141'
Method 'SystemBooleanCosmosHALGlobalget_CapsLock', ID = '1142'
Method 'SystemBooleanCosmosHALGlobalget_NumLock', ID = '1143'
Method 'SystemBooleanCosmosHALGlobalget_ScrollLock', ID = '1144'
Method 'SystemVoidCosmosHALKeyboardset_ControlPressedSystemBoolean', ID = '1145'
Method 'SystemVoidCosmosHALKeyboardset_ShiftPressedSystemBoolean', ID = '1146'
Method 'SystemVoidCosmosHALKeyboardset_AltPressedSystemBoolean', ID = '1147'
Method 'SystemBooleanCosmosHALKeyboardget_ControlPressed', ID = '1148'
Method 'SystemBooleanCosmosHALKeyboardget_AltPressed', ID = '1149'
Method 'SystemBooleanCosmosHALPS2KeyboardGetKeySystemByteSystemBooleanCosmosHALKeyEvent', ID = '1150'
Method 'SystemVoidCosmosHALKeyboardEnqueueCosmosHALKeyEvent', ID = '1151'
Method 'SystemVoidSystemCollectionsGenericList1CosmosHALPCIDevicecctor', ID = '1152'
Method 'SystemVoidCosmosCoreIOGroupPCIctor', ID = '1154'
Method 'SystemUInt16CosmosHALPCIDeviceReadRegister16SystemByte', ID = '1155'
Method 'SystemVoidCosmosHALPCIDeviceset_VendorIDSystemUInt16', ID = '1156'
Method 'SystemVoidCosmosHALPCIDeviceset_DeviceIDSystemUInt16', ID = '1157'
Method 'SystemByteCosmosHALPCIDeviceReadRegister8SystemByte', ID = '1158'
Method 'SystemVoidCosmosHALPCIDeviceset_RevisionIDSystemByte', ID = '1159'
Method 'SystemVoidCosmosHALPCIDeviceset_ProgIFSystemByte', ID = '1160'
Method 'SystemVoidCosmosHALPCIDeviceset_SubclassSystemByte', ID = '1161'
Method 'SystemVoidCosmosHALPCIDeviceset_ClassCodeSystemByte', ID = '1162'
Method 'SystemVoidCosmosHALPCIDeviceset_CacheLineSizeSystemByte', ID = '1163'
Method 'SystemVoidCosmosHALPCIDeviceset_LatencyTimerSystemByte', ID = '1164'
Method 'SystemVoidCosmosHALPCIDeviceset_HeaderTypeCosmosHALPCIDevicePCIHeaderType', ID = '1165'
Method 'SystemVoidCosmosHALPCIDeviceset_BISTCosmosHALPCIDevicePCIBist', ID = '1166'
Method 'SystemVoidCosmosHALPCIDeviceset_InterruptLineSystemByte', ID = '1167'
Method 'SystemVoidCosmosHALPCIDeviceset_InterruptPINCosmosHALPCIDevicePCIInterruptPIN', ID = '1168'
Method 'SystemUInt16CosmosHALPCIDeviceget_VendorID', ID = '1169'
Method 'SystemUInt16CosmosHALPCIDeviceget_DeviceID', ID = '1170'
Method 'SystemVoidCosmosHALPCIDeviceset_DeviceExistsSystemBoolean', ID = '1171'
Method 'SystemVoidCosmosHALPCIDeviceBridgeset_BaseAddressesCosmosHALPCIBaseAddressBararray', ID = '1175'
Method 'CosmosHALPCIBaseAddressBararrayCosmosHALPCIDeviceBridgeget_BaseAddresses', ID = '1176'
Method 'SystemUInt32CosmosHALPCIDeviceReadRegister32SystemByte', ID = '1177'
Method 'SystemVoidCosmosHALPCIBaseAddressBarctorSystemUInt32', ID = '1178'
Method 'SystemVoidCosmosHALPCIDeviceBridgeset_PrimaryBusNumberSystemByte', ID = '1179'
Method 'SystemVoidCosmosHALPCIDeviceBridgeset_SecondaryBusNumberSystemByte', ID = '1180'
Method 'SystemVoidCosmosHALPCIDeviceBridgeset_SubordinateBusNumberSystemByte', ID = '1181'
Method 'SystemVoidCosmosHALPCIDeviceBridgeset_SecondaryLatencyTimerSystemByte', ID = '1182'
Method 'SystemVoidCosmosHALPCIDeviceBridgeset_IOBaseSystemByte', ID = '1183'
Method 'SystemVoidCosmosHALPCIDeviceBridgeset_IOLimitSystemByte', ID = '1184'
Method 'SystemVoidCosmosHALPCIDeviceBridgeset_SecondaryStatusSystemUInt16', ID = '1185'
Method 'SystemVoidCosmosHALPCIDeviceBridgeset_MemoryBaseSystemUInt16', ID = '1186'
Method 'SystemVoidCosmosHALPCIDeviceBridgeset_MemoryLimitSystemUInt16', ID = '1187'
Method 'SystemVoidCosmosHALPCIDeviceBridgeset_PrefatchableMemoryBaseSystemUInt16', ID = '1188'
Method 'SystemVoidCosmosHALPCIDeviceBridgeset_PrefatchableMemoryLimitSystemUInt16', ID = '1189'
Method 'SystemVoidCosmosHALPCIDeviceBridgeset_PrefatchableBaseUpper32SystemUInt32', ID = '1190'
Method 'SystemVoidCosmosHALPCIDeviceBridgeset_PrefatchableLimitUpper32SystemUInt32', ID = '1191'
Method 'SystemVoidCosmosHALPCIDeviceBridgeset_IOBaseUpper16SystemUInt16', ID = '1192'
Method 'SystemVoidCosmosHALPCIDeviceBridgeset_IOLimitUpper16SystemUInt16', ID = '1193'
Method 'SystemVoidCosmosHALPCIDeviceBridgeset_CapabilityPointerSystemByte', ID = '1194'
Method 'SystemVoidCosmosHALPCIDeviceBridgeset_ExpansionROMBaseAddressSystemUInt32', ID = '1195'
Method 'SystemVoidCosmosHALPCIDeviceBridgeset_BridgeControlSystemUInt16', ID = '1196'
Method 'SystemStringCosmosHALPCIDeviceDeviceClassGetStringCosmosHALPCIDevice', ID = '1197'
Method 'SystemStringSystemStringConcatSystemObjectarray', ID = '1198'
Method 'SystemVoidSystemCollectionsGenericList1CosmosHALPCIDeviceAddCosmosHALPCIDevice', ID = '1199'
Method 'SystemByteCosmosHALPCIDeviceBridgeget_SecondaryBusNumber', ID = '1200'
Method 'SystemVoidCosmosHALPCIDeviceCardbusset_CardbusBaseAddressSystemUInt32', ID = '1202'
Method 'SystemVoidCosmosHALPCIDeviceCardbusset_OffsetOfCapabilityListSystemByte', ID = '1203'
Method 'SystemVoidCosmosHALPCIDeviceCardbusset_SecondaryStatusSystemUInt16', ID = '1204'
Method 'SystemVoidCosmosHALPCIDeviceCardbusset_PCIBusNumberSystemByte', ID = '1205'
Method 'SystemVoidCosmosHALPCIDeviceCardbusset_CardbusBusNumberSystemByte', ID = '1206'
Method 'SystemVoidCosmosHALPCIDeviceCardbusset_SubordinateBusNumberSystemByte', ID = '1207'
Method 'SystemVoidCosmosHALPCIDeviceCardbusset_CardbusLatencyTimerSystemByte', ID = '1208'
Method 'SystemVoidCosmosHALPCIDeviceCardbusset_MemoryBaseAddress0SystemUInt32', ID = '1209'
Method 'SystemVoidCosmosHALPCIDeviceCardbusset_MemoryLimit0SystemUInt32', ID = '1210'
Method 'SystemVoidCosmosHALPCIDeviceCardbusset_MemoryBaseAddress1SystemUInt32', ID = '1211'
Method 'SystemVoidCosmosHALPCIDeviceCardbusset_MemoryLimit1SystemUInt32', ID = '1212'
Method 'SystemVoidCosmosHALPCIDeviceCardbusset_IOBaseAddress0SystemUInt32', ID = '1213'
Method 'SystemVoidCosmosHALPCIDeviceCardbusset_IOLimit0SystemUInt32', ID = '1214'
Method 'SystemVoidCosmosHALPCIDeviceCardbusset_IOBaseAddress1SystemUInt32', ID = '1215'
Method 'SystemVoidCosmosHALPCIDeviceCardbusset_IOLimit1SystemUInt32', ID = '1216'
Method 'SystemVoidCosmosHALPCIDeviceCardbusset_BridgeControlSystemUInt16', ID = '1217'
Method 'SystemVoidCosmosHALPCIDeviceCardbusset_SubsystemDeviceIDSystemUInt16', ID = '1218'
Method 'SystemVoidCosmosHALPCIDeviceCardbusset_SubsystemVendorIDSystemUInt16', ID = '1219'
Method 'SystemVoidCosmosHALPCIDeviceCardbusset_PCCardBaseAddressSystemUInt32', ID = '1220'
Method 'SystemVoidCosmosHALPCIDeviceNormalset_BaseAddressesCosmosHALPCIBaseAddressBararray', ID = '1222'
Method 'CosmosHALPCIBaseAddressBararrayCosmosHALPCIDeviceNormalget_BaseAddresses', ID = '1223'
Method 'SystemVoidCosmosHALPCIDeviceNormalset_CardbusCISPointerSystemUInt32', ID = '1224'
Method 'SystemVoidCosmosHALPCIDeviceNormalset_SubsystemVendorIDSystemUInt16', ID = '1225'
Method 'SystemVoidCosmosHALPCIDeviceNormalset_SubsystemIDSystemUInt16', ID = '1226'
Method 'SystemVoidCosmosHALPCIDeviceNormalset_ExpansionROMBaseAddressSystemUInt32', ID = '1227'
Method 'SystemVoidCosmosHALPCIDeviceNormalset_CapabilitiesPointerSystemByte', ID = '1228'
Method 'SystemVoidCosmosHALPCIDeviceNormalset_MinGrantSystemByte', ID = '1229'
Method 'SystemVoidCosmosHALPCIDeviceNormalset_MaxLatencySystemByte', ID = '1230'
Method 'SystemVoidCosmosDebugKernelDebuggerSendNumberSystemUInt32', ID = '1231'
Method 'SystemUInt16CosmosCorePlugsIOPortImplRead16SystemUInt16', ID = '1232'
Method 'SystemVoidSystemCollectionsGenericList1CosmosHALBlockDeviceMBRPartInfoset_CapacitySystemInt32', ID = '1234'
Method 'SystemVoidSystemCollectionsGenericList1CosmosHALBlockDeviceEBRPartInfoset_CapacitySystemInt32', ID = '1235'
Method 'SystemChararrayCosmosSystemFileSystemVFSVFSManagerGetDirectorySeparators', ID = '1236'
Method 'SystemVoidSystemCollectionsGenericList1CosmosHALBlockDevicePartitionset_CapacitySystemInt32', ID = '1238'
Method 'CosmosSystemFileSystemListingDirectoryEntryCosmosSystemFileSystemFATFatFileSystemCreateDirectoryCosmosSystemFileSystemListingDirectoryEntrySystemString', ID = '1239'
Method 'SystemCollectionsGenericList1CosmosSystemFileSystemListingDirectoryEntryCosmosSystemFileSystemFATFatFileSystemGetDirectoryListingCosmosSystemFileSystemListingDirectoryEntry', ID = '1240'
Method 'CosmosSystemFileSystemListingDirectoryEntryCosmosSystemFileSystemFATFatFileSystemCreateFileCosmosSystemFileSystemListingDirectoryEntrySystemString', ID = '1241'
Method 'SystemVoidSystemCollectionsGenericList1CosmosSystemFileSystemFileSystemset_CapacitySystemInt32', ID = '1242'
Method 'SystemVoidSystemThreadingMonitorEnterSystemObjectSystemBoolean', ID = '1245'
Method 'SystemVoidSystemTextEncoderExceptionFallbackctor', ID = '1246'
Method 'SystemVoidSystemTextDecoderExceptionFallbackctor', ID = '1250'
Method 'SystemBooleanSystemCharIsSurrogateSystemStringSystemInt32', ID = '1252'
Method 'SystemBooleanSystemCharIsHighSurrogateSystemStringSystemInt32', ID = '1253'
Method 'CosmosHALScanMapBaseCosmosHALKeyboardget_KeyLayout', ID = '1255'
Method 'SystemBooleanCosmosHALKeyboardget_ShiftPressed', ID = '1256'
Method 'CosmosHALKeyEventCosmosHALScanMapBaseConvertScanCodeSystemByteSystemBooleanSystemBooleanSystemBooleanSystemBooleanSystemBooleanSystemBoolean', ID = '1257'
Method 'SystemVoidSystemCollectionsGenericQueue1CosmosHALKeyEventEnqueueCosmosHALKeyEvent', ID = '1258'
Method 'SystemUInt32CosmosHALPCIDeviceGetAddressBaseSystemUInt32SystemUInt32SystemUInt32', ID = '1260'
Method 'SystemVoidCosmosCoreIOPortset_DWordSystemUInt32', ID = '1261'
Method 'SystemUInt32CosmosCoreIOPortget_DWord', ID = '1262'
Method 'SystemByteCosmosHALPCIDeviceget_ClassCode', ID = '1267'
Method 'SystemByteCosmosHALPCIDeviceget_Subclass', ID = '1268'
Method 'SystemByteCosmosHALPCIDeviceget_ProgIF', ID = '1269'
Method 'SystemStringSystemStringConcatArraySystemStringarraySystemInt32', ID = '1271'
Method 'SystemVoidSystemCollectionsGenericList1CosmosHALPCIDeviceEnsureCapacitySystemInt32', ID = '1272'
Method 'SystemVoidCosmosCorePlugsIOPortImplWrite16SystemUInt16SystemUInt16', ID = '1273'
Method 'CosmosSystemFileSystemListingDirectoryEntryCosmosSystemFileSystemFATFatFileSystemGetRootDirectory', ID = '1274'
Method 'CosmosSystemFileSystemFATListingFatDirectoryEntryCosmosSystemFileSystemFATListingFatDirectoryEntryAddDirectoryEntrySystemStringCosmosSystemFileSystemListingDirectoryEntryTypeEnum', ID = '1276'
Method 'SystemVoidSystemCollectionsGenericList1CosmosSystemFileSystemListingDirectoryEntryctor', ID = '1277'
Method 'SystemCollectionsGenericList1CosmosSystemFileSystemFATListingFatDirectoryEntryCosmosSystemFileSystemFATListingFatDirectoryEntryReadDirectoryContents', ID = '1278'
Method 'CosmosSystemFileSystemFATListingFatDirectoryEntrySystemCollectionsGenericList1CosmosSystemFileSystemFATListingFatDirectoryEntryget_ItemSystemInt32', ID = '1279'
Method 'SystemVoidSystemCollectionsGenericList1CosmosSystemFileSystemListingDirectoryEntryAddCosmosSystemFileSystemListingDirectoryEntry', ID = '1280'
Method 'SystemInt32SystemCollectionsGenericList1CosmosSystemFileSystemFATListingFatDirectoryEntryget_Count', ID = '1281'
Method 'SystemObjectCosmosCorePlugsSystemTextEncoderFallbackImplget_InternalSyncObject', ID = '1282'
Method 'SystemVoidSystemThreadingMonitorThrowLockTakenException', ID = '1284'
Method 'SystemVoidCosmosSystemPlugsSystemThreadingMonitorImplExitSystemObject', ID = '1287'
Method 'SystemObjectCosmosCorePlugsSystemTextDecoderFallbackImplget_InternalSyncObject', ID = '1288'
Method 'SystemBooleanSystemCharIsSurrogateSystemChar', ID = '1290'
Method 'SystemBooleanSystemCharIsHighSurrogateSystemChar', ID = '1291'
Method 'SystemVoidCosmosHALKeyEventctor', ID = '1292'
Method 'SystemConsoleModifiersCosmosHALKeyEventget_Modifiers', ID = '1293'
Method 'SystemVoidCosmosHALKeyEventset_ModifiersSystemConsoleModifiers', ID = '1294'
Method 'SystemVoidCosmosHALKeyEventset_TypeCosmosHALKeyEventKeyEventType', ID = '1295'
Method 'SystemInt32SystemCollectionsGenericList1CosmosHALKeyMappingget_Count', ID = '1296'
Method 'CosmosHALKeyMappingSystemCollectionsGenericList1CosmosHALKeyMappingget_ItemSystemInt32', ID = '1297'
Method 'SystemVoidCosmosHALKeyEventset_KeyCharSystemChar', ID = '1298'
Method 'SystemVoidCosmosHALKeyEventset_KeyCosmosHALConsoleKeyEx', ID = '1299'
Method 'SystemVoidSystemCollectionsGenericQueue1CosmosHALKeyEventSetCapacitySystemInt32', ID = '1300'
Method 'SystemVoidCosmosIL2CPUPlugsSystemOutOfMemoryExceptionImplCtor', ID = '1303'
Method 'SystemVoidSystemCollectionsGenericList1CosmosHALPCIDeviceset_CapacitySystemInt32', ID = '1304'
Method 'SystemVoidCosmosSystemFileSystemFATListingFatDirectoryEntryctorCosmosSystemFileSystemFATFatFileSystemCosmosSystemFileSystemFATListingFatDirectoryEntrySystemStringSystemStringSystemUInt32', ID = '1305'
Method 'SystemIOStreamCosmosSystemFileSystemFATListingFatDirectoryEntryGetFileStream', ID = '1306'
Method 'CosmosSystemFileSystemFATFatFileSystemFatCosmosSystemFileSystemFATFatFileSystemGetFatSystemInt32', ID = '1309'
Method 'SystemUInt32CosmosSystemFileSystemFATFatFileSystemFatGetNextUnallocatedFatEntry', ID = '1310'
Method 'SystemUInt32CosmosSystemFileSystemFATListingFatDirectoryEntryGetNextUnallocatedDirectoryEntry', ID = '1311'
Method 'SystemVoidCosmosSystemFileSystemFATListingFatDirectoryEntryctorCosmosSystemFileSystemFATFatFileSystemCosmosSystemFileSystemFATListingFatDirectoryEntrySystemStringSystemF1F0F3C3B2C9F29A1A436F08CC89B07B', ID = '1312'
Method 'SystemVoidCosmosSystemFileSystemFATListingFatDirectoryEntryAllocateDirectoryEntry', ID = '1313'
Method 'SystemBytearrayCosmosSystemFileSystemFATListingFatDirectoryEntryGetDirectoryEntryData', ID = '1315'
Method 'SystemVoidSystemCollectionsGenericList1CosmosSystemFileSystemFATListingFatDirectoryEntryctor', ID = '1316'
Method 'SystemStringCosmosCommonExtensionsByteConverterGetUtf16StringSystemBytearraySystemUInt32SystemUInt32', ID = '1317'
Method 'SystemStringSystemStringTrim', ID = '1318'
Method 'SystemStringCosmosCommonExtensionsByteConverterGetAsciiStringSystemBytearraySystemUInt32SystemUInt32', ID = '1319'
Method 'SystemStringSystemStringTrimEndSystemChararray', ID = '1320'
Method 'SystemVoidSystemCollectionsGenericList1CosmosSystemFileSystemFATListingFatDirectoryEntryAddCosmosSystemFileSystemFATListingFatDirectoryEntry', ID = '1321'
Method 'SystemVoidSystemCollectionsGenericList1CosmosSystemFileSystemListingDirectoryEntryEnsureCapacitySystemInt32', ID = '1322'
Method 'SystemVoidCosmosSystemPlugsSystemThreadingMonitorImplReliableEnterSystemObjectSystemBoolean', ID = '1324'
Method 'SystemVoidCosmosCorePlugsIOPortImplWrite32SystemUInt16SystemUInt32', ID = '1329'
Method 'SystemUInt32CosmosCorePlugsIOPortImplRead32SystemUInt16', ID = '1330'
Method 'SystemVoidCosmosSystemFileSystemListingDirectoryEntryctorCosmosSystemFileSystemFileSystemCosmosSystemFileSystemListingDirectoryEntrySystemStringSystemStringSystemInt64CF93FD9EBFA1014BD1A29AA4B98F76139', ID = '1332'
Method 'SystemVoidCosmosSystemFileSystemFATFatStreamctorCosmosSystemFileSystemFATListingFatDirectoryEntry', ID = '1333'
Method 'SystemStringCosmosSystemPlugsSystemIOPathImplCombineSystemStringSystemString', ID = '1334'
Method 'SystemUInt32CosmosSystemFileSystemFATFatFileSystemFatGetFatEntrySizeInBytes', ID = '1335'
Method 'SystemVoidCosmosSystemFileSystemFATFatFileSystemFatGetFatEntrySystemUInt32SystemUInt32', ID = '1336'
Method 'SystemBooleanCosmosSystemFileSystemFATFatFileSystemFatFatEntryIsEofSystemUInt64', ID = '1337'
Method 'SystemVoidCosmosSystemFileSystemFATListingFatDirectoryEntrySetDirectoryEntryMetadataValueCosmosSystemFileSystemFATListingFatDirectoryEntryMetadataSystemString', ID = '1341'
Method 'SystemVoidCosmosSystemFileSystemFATListingFatDirectoryEntrySetDirectoryEntryMetadataValueCosmosSystemFileSystemFATListingFatDirectoryEntryMetadataSystemUInt32', ID = '1343'
Method 'SystemVoidCosmosSystemFileSystemFATListingFatDirectoryEntrySetDirectoryEntryDataSystemBytearray', ID = '1346'
Method 'SystemVoidSystemCollectionsGenericList1CosmosSystemFileSystemFATListingFatDirectoryEntrycctor', ID = '1347'
Method 'SystemVoidCosmosSystemFileSystemFATFatFileSystemReadSystemInt64SystemBytearraySystemInt64SystemInt64', ID = '1348'
Method 'SystemStringSystemStringTrimHelperSystemInt32', ID = '1350'
Method 'SystemStringSystemStringTrimHelperSystemChararraySystemInt32', ID = '1351'
Method 'SystemVoidSystemCollectionsGenericList1CosmosSystemFileSystemFATListingFatDirectoryEntryEnsureCapacitySystemInt32', ID = '1352'
Method 'SystemVoidSystemCollectionsGenericList1CosmosSystemFileSystemListingDirectoryEntryset_CapacitySystemInt32', ID = '1353'
Method 'CosmosSystemFileSystemFATFatFileSystemCosmosSystemFileSystemFATListingFatDirectoryEntryGetFileSystem', ID = '1355'
Method 'SystemUInt32arrayCosmosSystemFileSystemFATListingFatDirectoryEntryGetFatTable', ID = '1356'
Method 'SystemBytearrayCosmosSystemFileSystemFATFatFileSystemNewBlockArray', ID = '1357'
Method 'SystemVoidCosmosSystemFileSystemFATFatFileSystemFatReadFatSectorSystemUInt64SystemBytearray', ID = '1358'
Method 'SystemVoidCosmosSystemFileSystemFATListingFatDirectoryEntryMetadatacctor', ID = '1359'
Method 'SystemVoidSystemArrayCopySystemArraySystemInt64SystemArraySystemInt64SystemInt64', ID = '1360'
Method 'SystemVoidCosmosCommonExtensionsByteConverterSetUInt32SystemBytearraySystemUInt64SystemUInt32', ID = '1361'
Method 'SystemVoidCosmosSystemFileSystemFATFatFileSystemWriteSystemInt64SystemBytearraySystemInt64SystemInt64', ID = '1362'
Method 'SystemBooleanSystemStringIsBOMWhitespaceSystemChar', ID = '1364'
Method 'SystemStringSystemStringCreateTrimmedStringSystemInt32SystemInt32', ID = '1365'
Method 'SystemVoidSystemCollectionsGenericList1CosmosSystemFileSystemFATListingFatDirectoryEntryset_CapacitySystemInt32', ID = '1366'
Method 'SystemInt64CosmosSystemFileSystemFATFatStreamget_Length', ID = '1367'
Method 'SystemInt32CosmosSystemFileSystemFATFatStreamReadSystemBytearraySystemInt32SystemInt32', ID = '1368'
Method 'SystemVoidCosmosSystemFileSystemFATFatStreamWriteSystemBytearraySystemInt32SystemInt32', ID = '1369'
Method 'SystemVoidCosmosSystemFileSystemFATFatStreamSetLengthSystemInt64', ID = '1370'
Method 'SystemInt64CosmosSystemFileSystemFATFatStreamSeekSystemInt64SystemIOSeekOrigin', ID = '1371'
Method 'SystemVoidCosmosSystemFileSystemFATFatStreamFlush', ID = '1372'
Method 'SystemInt64CosmosSystemFileSystemFATFatStreamget_Position', ID = '1373'
Method 'SystemVoidCosmosSystemFileSystemFATFatStreamset_PositionSystemInt64', ID = '1374'
Method 'SystemUInt32arrayCosmosSystemFileSystemFATFatFileSystemFatGetFatChainSystemUInt32SystemInt64', ID = '1376'
Method 'SystemVoidCosmosSystemFileSystemFATListingFatDirectoryEntryMetadatactorSystemUInt32SystemUInt32', ID = '1377'
Method 'SystemVoidSystemNullable1SystemInt32ctorSystemInt32', ID = '1388'
Method 'SystemInt32SystemNullable1SystemInt32GetValueOrDefault', ID = '1389'
Method 'SystemBooleanSystemNullable1SystemInt32get_HasValue', ID = '1390'
Method 'SystemVoidSystemArrayResizeSystemUInt32SystemUInt32arraySystemInt32', ID = '1392'
Method 'SystemVoidCosmosSystemFileSystemFATFatFileSystemFatSetFatEntrySystemUInt64SystemUInt64', ID = '1393'
Method 'SystemUInt64CosmosSystemFileSystemFATFatFileSystemFatFatEntryEofValue', ID = '1394'
Method 'SystemVoidCosmosHALBlockDeviceAtaPioWriteBlockSystemUInt64SystemUInt64SystemBytearray', ID = '1395'
Method 'SystemVoidCosmosHALBlockDevicePartitionWriteBlockSystemUInt64SystemUInt64SystemBytearray', ID = '1396'
Method 'SystemStringSystemNullable1SystemInt32ToString', ID = '1397'
Method 'SystemVoidCosmosSystemFileSystemFATListingFatDirectoryEntrySetSizeSystemInt64', ID = '1398'
Method 'SystemVoidCosmosCommonExtensionsByteConverterSetUInt16SystemBytearraySystemUInt64SystemUInt16', ID = '1400'
Method 'SystemVoidCosmosSystemFileSystemFATFatFileSystemFatWriteFatSectorSystemUInt64SystemBytearray', ID = '1401'
Method 'SystemVoidCosmosCoreIOPortset_WordSystemUInt16', ID = '1402'
Method 'SystemVoidCosmosSystemFileSystemFATListingFatDirectoryEntrySetDirectoryEntryMetadataValueCosmosSystemFileSystemFATListingFatDirectoryEntryMetadataSystemInt64', ID = '1403'
